[0.200s] DEBUG:colcon:Command line arguments: ['/usr/bin/colcon', 'build']
[0.200s] DEBUG:colcon:Parsed command line arguments: Namespace(ament_cmake_args=None, base_paths=['.'], build_base='build', catkin_cmake_args=None, catkin_skip_building_tests=False, cmake_args=None, cmake_clean_cache=False, cmake_clean_first=False, cmake_force_configure=False, cmake_target=None, cmake_target_skip_unavailable=False, continue_on_error=False, event_handlers=None, executor='parallel', ignore_user_meta=False, install_base='install', log_base=None, log_level=None, main=<bound method BuildVerb.main of <colcon_core.verb.build.BuildVerb object at 0x7fc2a4111d60>>, merge_install=False, metas=['./colcon.meta'], packages_above=None, packages_above_and_dependencies=None, packages_above_depth=None, packages_end=None, packages_ignore=None, packages_ignore_regex=None, packages_select=None, packages_select_build_failed=False, packages_select_by_dep=None, packages_select_regex=None, packages_select_test_failures=False, packages_skip=None, packages_skip_build_finished=False, packages_skip_by_dep=None, packages_skip_regex=None, packages_skip_test_passed=False, packages_skip_up_to=None, packages_start=None, packages_up_to=None, packages_up_to_regex=None, parallel_workers=20, paths=None, symlink_install=False, test_result_base=None, verb_extension=<colcon_core.verb.build.BuildVerb object at 0x7fc2a4111d60>, verb_name='build', verb_parser=<colcon_defaults.argument_parser.defaults.DefaultArgumentsDecorator object at 0x7fc2a4101670>)
[0.203s] Level 1:colcon.colcon_core.package_discovery:discover_packages(colcon_meta) check parameters
[0.203s] Level 1:colcon.colcon_core.package_discovery:discover_packages(recursive) check parameters
[0.203s] Level 1:colcon.colcon_core.package_discovery:discover_packages(ignore) check parameters
[0.203s] Level 1:colcon.colcon_core.package_discovery:discover_packages(path) check parameters
[0.203s] Level 1:colcon.colcon_core.package_discovery:discover_packages(colcon_meta) discover
[0.203s] Level 1:colcon.colcon_core.package_discovery:discover_packages(recursive) discover
[0.203s] INFO:colcon.colcon_core.package_discovery:Crawling recursively for packages in '/home/jsy/Fliesenleger'
[0.203s] Level 1:colcon.colcon_core.package_identification:_identify(.) by extensions ['ignore', 'ignore_ament_install']
[0.203s] Level 1:colcon.colcon_core.package_identification:_identify(.) by extension 'ignore'
[0.203s] Level 1:colcon.colcon_core.package_identification:_identify(.) by extension 'ignore_ament_install'
[0.203s] Level 1:colcon.colcon_core.package_identification:_identify(.) by extensions ['colcon_pkg']
[0.203s] Level 1:colcon.colcon_core.package_identification:_identify(.) by extension 'colcon_pkg'
[0.203s] Level 1:colcon.colcon_core.package_identification:_identify(.) by extensions ['colcon_meta']
[0.204s] Level 1:colcon.colcon_core.package_identification:_identify(.) by extension 'colcon_meta'
[0.204s] Level 1:colcon.colcon_core.package_identification:_identify(.) by extensions ['ros']
[0.204s] Level 1:colcon.colcon_core.package_identification:_identify(.) by extension 'ros'
[0.211s] Level 1:colcon.colcon_core.package_identification:_identify(.) by extensions ['cmake', 'python']
[0.211s] Level 1:colcon.colcon_core.package_identification:_identify(.) by extension 'cmake'
[0.211s] Level 1:colcon.colcon_core.package_identification:_identify(.) by extension 'python'
[0.211s] Level 1:colcon.colcon_core.package_identification:_identify(.) by extensions ['python_setup_py']
[0.211s] Level 1:colcon.colcon_core.package_identification:_identify(.) by extension 'python_setup_py'
[0.211s] Level 1:colcon.colcon_core.package_identification:_identify(build) by extensions ['ignore', 'ignore_ament_install']
[0.211s] Level 1:colcon.colcon_core.package_identification:_identify(build) by extension 'ignore'
[0.211s] Level 1:colcon.colcon_core.package_identification:_identify(build) ignored
[0.211s] Level 1:colcon.colcon_core.package_identification:_identify(install) by extensions ['ignore', 'ignore_ament_install']
[0.211s] Level 1:colcon.colcon_core.package_identification:_identify(install) by extension 'ignore'
[0.211s] Level 1:colcon.colcon_core.package_identification:_identify(install) ignored
[0.211s] Level 1:colcon.colcon_core.package_identification:_identify(joy_control) by extensions ['ignore', 'ignore_ament_install']
[0.211s] Level 1:colcon.colcon_core.package_identification:_identify(joy_control) by extension 'ignore'
[0.211s] Level 1:colcon.colcon_core.package_identification:_identify(joy_control) by extension 'ignore_ament_install'
[0.211s] Level 1:colcon.colcon_core.package_identification:_identify(joy_control) by extensions ['colcon_pkg']
[0.211s] Level 1:colcon.colcon_core.package_identification:_identify(joy_control) by extension 'colcon_pkg'
[0.211s] Level 1:colcon.colcon_core.package_identification:_identify(joy_control) by extensions ['colcon_meta']
[0.212s] Level 1:colcon.colcon_core.package_identification:_identify(joy_control) by extension 'colcon_meta'
[0.212s] Level 1:colcon.colcon_core.package_identification:_identify(joy_control) by extensions ['ros']
[0.212s] Level 1:colcon.colcon_core.package_identification:_identify(joy_control) by extension 'ros'
[0.213s] DEBUG:colcon.colcon_core.package_identification:Package 'joy_control' with type 'ros.ament_python' and name 'joy_control'
[0.213s] Level 1:colcon.colcon_core.package_identification:_identify(log) by extensions ['ignore', 'ignore_ament_install']
[0.213s] Level 1:colcon.colcon_core.package_identification:_identify(log) by extension 'ignore'
[0.213s] Level 1:colcon.colcon_core.package_identification:_identify(log) ignored
[0.213s] Level 1:colcon.colcon_core.package_identification:_identify(simulation) by extensions ['ignore', 'ignore_ament_install']
[0.213s] Level 1:colcon.colcon_core.package_identification:_identify(simulation) by extension 'ignore'
[0.213s] Level 1:colcon.colcon_core.package_identification:_identify(simulation) by extension 'ignore_ament_install'
[0.213s] Level 1:colcon.colcon_core.package_identification:_identify(simulation) by extensions ['colcon_pkg']
[0.213s] Level 1:colcon.colcon_core.package_identification:_identify(simulation) by extension 'colcon_pkg'
[0.213s] Level 1:colcon.colcon_core.package_identification:_identify(simulation) by extensions ['colcon_meta']
[0.213s] Level 1:colcon.colcon_core.package_identification:_identify(simulation) by extension 'colcon_meta'
[0.213s] Level 1:colcon.colcon_core.package_identification:_identify(simulation) by extensions ['ros']
[0.213s] Level 1:colcon.colcon_core.package_identification:_identify(simulation) by extension 'ros'
[0.214s] DEBUG:colcon.colcon_core.package_identification:Package 'simulation' with type 'ros.ament_cmake' and name 'simulation'
[0.214s] Level 1:colcon.colcon_core.package_discovery:discover_packages(recursive) using defaults
[0.214s] Level 1:colcon.colcon_core.package_discovery:discover_packages(ignore) discover
[0.214s] Level 1:colcon.colcon_core.package_discovery:discover_packages(ignore) using defaults
[0.214s] Level 1:colcon.colcon_core.package_discovery:discover_packages(path) discover
[0.214s] Level 1:colcon.colcon_core.package_discovery:discover_packages(path) using defaults
[0.226s] Level 5:colcon.colcon_core.verb:set package 'joy_control' build argument 'cmake_args' from command line to 'None'
[0.226s] Level 5:colcon.colcon_core.verb:set package 'joy_control' build argument 'cmake_target' from command line to 'None'
[0.226s] Level 5:colcon.colcon_core.verb:set package 'joy_control' build argument 'cmake_target_skip_unavailable' from command line to 'False'
[0.226s] Level 5:colcon.colcon_core.verb:set package 'joy_control' build argument 'cmake_clean_cache' from command line to 'False'
[0.226s] Level 5:colcon.colcon_core.verb:set package 'joy_control' build argument 'cmake_clean_first' from command line to 'False'
[0.226s] Level 5:colcon.colcon_core.verb:set package 'joy_control' build argument 'cmake_force_configure' from command line to 'False'
[0.226s] Level 5:colcon.colcon_core.verb:set package 'joy_control' build argument 'ament_cmake_args' from command line to 'None'
[0.226s] Level 5:colcon.colcon_core.verb:set package 'joy_control' build argument 'catkin_cmake_args' from command line to 'None'
[0.226s] Level 5:colcon.colcon_core.verb:set package 'joy_control' build argument 'catkin_skip_building_tests' from command line to 'False'
[0.226s] DEBUG:colcon.colcon_core.verb:Building package 'joy_control' with the following arguments: {'ament_cmake_args': None, 'build_base': '/home/jsy/Fliesenleger/build/joy_control', 'catkin_cmake_args': None, 'catkin_skip_building_tests': False, 'cmake_args': None, 'cmake_clean_cache': False, 'cmake_clean_first': False, 'cmake_force_configure': False, 'cmake_target': None, 'cmake_target_skip_unavailable': False, 'install_base': '/home/jsy/Fliesenleger/install/joy_control', 'merge_install': False, 'path': '/home/jsy/Fliesenleger/joy_control', 'symlink_install': False, 'test_result_base': None}
[0.228s] Level 5:colcon.colcon_core.verb:set package 'simulation' build argument 'cmake_args' from command line to 'None'
[0.228s] Level 5:colcon.colcon_core.verb:set package 'simulation' build argument 'cmake_target' from command line to 'None'
[0.228s] Level 5:colcon.colcon_core.verb:set package 'simulation' build argument 'cmake_target_skip_unavailable' from command line to 'False'
[0.228s] Level 5:colcon.colcon_core.verb:set package 'simulation' build argument 'cmake_clean_cache' from command line to 'False'
[0.228s] Level 5:colcon.colcon_core.verb:set package 'simulation' build argument 'cmake_clean_first' from command line to 'False'
[0.228s] Level 5:colcon.colcon_core.verb:set package 'simulation' build argument 'cmake_force_configure' from command line to 'False'
[0.228s] Level 5:colcon.colcon_core.verb:set package 'simulation' build argument 'ament_cmake_args' from command line to 'None'
[0.228s] Level 5:colcon.colcon_core.verb:set package 'simulation' build argument 'catkin_cmake_args' from command line to 'None'
[0.228s] Level 5:colcon.colcon_core.verb:set package 'simulation' build argument 'catkin_skip_building_tests' from command line to 'False'
[0.228s] DEBUG:colcon.colcon_core.verb:Building package 'simulation' with the following arguments: {'ament_cmake_args': None, 'build_base': '/home/jsy/Fliesenleger/build/simulation', 'catkin_cmake_args': None, 'catkin_skip_building_tests': False, 'cmake_args': None, 'cmake_clean_cache': False, 'cmake_clean_first': False, 'cmake_force_configure': False, 'cmake_target': None, 'cmake_target_skip_unavailable': False, 'install_base': '/home/jsy/Fliesenleger/install/simulation', 'merge_install': False, 'path': '/home/jsy/Fliesenleger/simulation', 'symlink_install': False, 'test_result_base': None}
[0.228s] INFO:colcon.colcon_core.executor:Executing jobs using 'parallel' executor
[0.229s] DEBUG:colcon.colcon_parallel_executor.executor.parallel:run_until_complete
[0.229s] INFO:colcon.colcon_ros.task.ament_python.build:Building ROS package in '/home/jsy/Fliesenleger/joy_control' with build type 'ament_python'
[0.229s] Level 1:colcon.colcon_core.shell:create_environment_hook('joy_control', 'ament_prefix_path')
[0.232s] INFO:colcon.colcon_core.plugin_system:Skipping extension 'colcon_core.shell.bat': Not used on non-Windows systems
[0.232s] INFO:colcon.colcon_core.shell:Creating environment hook '/home/jsy/Fliesenleger/install/joy_control/share/joy_control/hook/ament_prefix_path.ps1'
[0.232s] INFO:colcon.colcon_core.shell:Creating environment descriptor '/home/jsy/Fliesenleger/install/joy_control/share/joy_control/hook/ament_prefix_path.dsv'
[0.232s] INFO:colcon.colcon_core.shell:Creating environment hook '/home/jsy/Fliesenleger/install/joy_control/share/joy_control/hook/ament_prefix_path.sh'
[0.233s] INFO:colcon.colcon_core.shell:Skip shell extension 'powershell' for command environment: Not usable outside of PowerShell
[0.233s] DEBUG:colcon.colcon_core.shell:Skip shell extension 'dsv' for command environment
[0.235s] DEBUG:colcon.colcon_core.shell:Ignoring prefix path '/opt/ros/foxy'
[0.236s] INFO:colcon.colcon_ros.task.ament_cmake.build:Building ROS package in '/home/jsy/Fliesenleger/simulation' with build type 'ament_cmake'
[0.236s] INFO:colcon.colcon_cmake.task.cmake.build:Building CMake package in '/home/jsy/Fliesenleger/simulation'
[0.237s] INFO:colcon.colcon_core.shell:Skip shell extension 'powershell' for command environment: Not usable outside of PowerShell
[0.237s] DEBUG:colcon.colcon_core.shell:Skip shell extension 'dsv' for command environment
[0.239s] DEBUG:colcon.colcon_core.shell:Ignoring prefix path '/opt/ros/foxy'
[0.394s] INFO:colcon.colcon_core.task.python.build:Building Python package in '/home/jsy/Fliesenleger/joy_control'
[0.394s] INFO:colcon.colcon_core.shell:Skip shell extension 'powershell' for command environment: Not usable outside of PowerShell
[0.394s] DEBUG:colcon.colcon_core.shell:Skip shell extension 'dsv' for command environment
[0.395s] DEBUG:colcon.colcon_core.shell:Ignoring prefix path '/opt/ros/foxy'
[0.400s] DEBUG:colcon.colcon_core.event_handler.log_command:Invoking command in '/home/jsy/Fliesenleger/build/simulation': CMAKE_PREFIX_PATH=${CMAKE_PREFIX_PATH}:/home/jsy/Fliesenleger/install/joy_control:/opt/ros/foxy /usr/bin/cmake --build /home/jsy/Fliesenleger/build/simulation -- -j20 -l20
[0.405s] DEBUG:colcon.colcon_core.event_handler.log_command:Invoking command in '/home/jsy/Fliesenleger/joy_control': PYTHONPATH=/home/jsy/Fliesenleger/install/joy_control/lib/python3.8/site-packages:${PYTHONPATH} /usr/bin/python3 setup.py egg_info --egg-base ../build/joy_control build --build-base /home/jsy/Fliesenleger/build/joy_control/build install --prefix /home/jsy/Fliesenleger/install/joy_control --record /home/jsy/Fliesenleger/build/joy_control/install.log --single-version-externally-managed
[0.426s] DEBUG:colcon.colcon_core.event_handler.log_command:Invoked command in '/home/jsy/Fliesenleger/build/simulation' returned '0': CMAKE_PREFIX_PATH=${CMAKE_PREFIX_PATH}:/home/jsy/Fliesenleger/install/joy_control:/opt/ros/foxy /usr/bin/cmake --build /home/jsy/Fliesenleger/build/simulation -- -j20 -l20
[0.445s] DEBUG:colcon.colcon_core.event_handler.log_command:Invoking command in '/home/jsy/Fliesenleger/build/simulation': CMAKE_PREFIX_PATH=${CMAKE_PREFIX_PATH}:/home/jsy/Fliesenleger/install/joy_control:/opt/ros/foxy /usr/bin/cmake --install /home/jsy/Fliesenleger/build/simulation
[0.453s] Level 1:colcon.colcon_core.environment:create_environment_scripts_only(simulation)
[0.459s] Level 1:colcon.colcon_core.environment:checking '/home/jsy/Fliesenleger/install/simulation' for CMake module files
[0.459s] DEBUG:colcon.colcon_core.event_handler.log_command:Invoked command in '/home/jsy/Fliesenleger/build/simulation' returned '0': CMAKE_PREFIX_PATH=${CMAKE_PREFIX_PATH}:/home/jsy/Fliesenleger/install/joy_control:/opt/ros/foxy /usr/bin/cmake --install /home/jsy/Fliesenleger/build/simulation
[0.460s] Level 1:colcon.colcon_core.environment:checking '/home/jsy/Fliesenleger/install/simulation' for CMake config files
[0.460s] Level 1:colcon.colcon_core.shell:create_environment_hook('simulation', 'cmake_prefix_path')
[0.460s] INFO:colcon.colcon_core.shell:Creating environment hook '/home/jsy/Fliesenleger/install/simulation/share/simulation/hook/cmake_prefix_path.ps1'
[0.460s] INFO:colcon.colcon_core.shell:Creating environment descriptor '/home/jsy/Fliesenleger/install/simulation/share/simulation/hook/cmake_prefix_path.dsv'
[0.461s] INFO:colcon.colcon_core.shell:Creating environment hook '/home/jsy/Fliesenleger/install/simulation/share/simulation/hook/cmake_prefix_path.sh'
[0.461s] Level 1:colcon.colcon_core.environment:checking '/home/jsy/Fliesenleger/install/simulation/bin'
[0.461s] Level 1:colcon.colcon_core.environment:checking '/home/jsy/Fliesenleger/install/simulation/lib/pkgconfig/simulation.pc'
[0.461s] Level 1:colcon.colcon_core.environment:checking '/home/jsy/Fliesenleger/install/simulation/lib/python3.8/site-packages'
[0.462s] INFO:colcon.colcon_core.shell:Creating package script '/home/jsy/Fliesenleger/install/simulation/share/simulation/package.ps1'
[0.462s] INFO:colcon.colcon_core.shell:Creating package descriptor '/home/jsy/Fliesenleger/install/simulation/share/simulation/package.dsv'
[0.462s] INFO:colcon.colcon_core.shell:Creating package script '/home/jsy/Fliesenleger/install/simulation/share/simulation/package.sh'
[0.463s] INFO:colcon.colcon_core.shell:Creating package script '/home/jsy/Fliesenleger/install/simulation/share/simulation/package.bash'
[0.463s] INFO:colcon.colcon_core.shell:Creating package script '/home/jsy/Fliesenleger/install/simulation/share/simulation/package.zsh'
[0.464s] Level 1:colcon.colcon_core.environment:create_file_with_runtime_dependencies(/home/jsy/Fliesenleger/install/simulation/share/colcon-core/packages/simulation)
[0.477s] Level 1:colcon.colcon_core.environment:create_environment_scripts_only(simulation)
[0.477s] Level 1:colcon.colcon_core.environment:checking '/home/jsy/Fliesenleger/install/simulation' for CMake module files
[0.477s] Level 1:colcon.colcon_core.environment:checking '/home/jsy/Fliesenleger/install/simulation' for CMake config files
[0.478s] Level 1:colcon.colcon_core.shell:create_environment_hook('simulation', 'cmake_prefix_path')
[0.478s] INFO:colcon.colcon_core.shell:Creating environment hook '/home/jsy/Fliesenleger/install/simulation/share/simulation/hook/cmake_prefix_path.ps1'
[0.478s] INFO:colcon.colcon_core.shell:Creating environment descriptor '/home/jsy/Fliesenleger/install/simulation/share/simulation/hook/cmake_prefix_path.dsv'
[0.478s] INFO:colcon.colcon_core.shell:Creating environment hook '/home/jsy/Fliesenleger/install/simulation/share/simulation/hook/cmake_prefix_path.sh'
[0.479s] Level 1:colcon.colcon_core.environment:checking '/home/jsy/Fliesenleger/install/simulation/bin'
[0.479s] Level 1:colcon.colcon_core.environment:checking '/home/jsy/Fliesenleger/install/simulation/lib/pkgconfig/simulation.pc'
[0.479s] Level 1:colcon.colcon_core.environment:checking '/home/jsy/Fliesenleger/install/simulation/lib/python3.8/site-packages'
[0.479s] INFO:colcon.colcon_core.shell:Creating package script '/home/jsy/Fliesenleger/install/simulation/share/simulation/package.ps1'
[0.480s] INFO:colcon.colcon_core.shell:Creating package descriptor '/home/jsy/Fliesenleger/install/simulation/share/simulation/package.dsv'
[0.480s] INFO:colcon.colcon_core.shell:Creating package script '/home/jsy/Fliesenleger/install/simulation/share/simulation/package.sh'
[0.480s] INFO:colcon.colcon_core.shell:Creating package script '/home/jsy/Fliesenleger/install/simulation/share/simulation/package.bash'
[0.480s] INFO:colcon.colcon_core.shell:Creating package script '/home/jsy/Fliesenleger/install/simulation/share/simulation/package.zsh'
[0.480s] Level 1:colcon.colcon_core.environment:create_file_with_runtime_dependencies(/home/jsy/Fliesenleger/install/simulation/share/colcon-core/packages/simulation)
[0.606s] Level 1:colcon.colcon_core.environment:checking '/home/jsy/Fliesenleger/install/joy_control' for CMake module files
[0.606s] DEBUG:colcon.colcon_core.event_handler.log_command:Invoked command in '/home/jsy/Fliesenleger/joy_control' returned '0': PYTHONPATH=/home/jsy/Fliesenleger/install/joy_control/lib/python3.8/site-packages:${PYTHONPATH} /usr/bin/python3 setup.py egg_info --egg-base ../build/joy_control build --build-base /home/jsy/Fliesenleger/build/joy_control/build install --prefix /home/jsy/Fliesenleger/install/joy_control --record /home/jsy/Fliesenleger/build/joy_control/install.log --single-version-externally-managed
[0.606s] Level 1:colcon.colcon_core.environment:checking '/home/jsy/Fliesenleger/install/joy_control' for CMake config files
[0.607s] Level 1:colcon.colcon_core.environment:checking '/home/jsy/Fliesenleger/install/joy_control/lib'
[0.607s] Level 1:colcon.colcon_core.environment:checking '/home/jsy/Fliesenleger/install/joy_control/bin'
[0.607s] Level 1:colcon.colcon_core.environment:checking '/home/jsy/Fliesenleger/install/joy_control/lib/pkgconfig/joy_control.pc'
[0.607s] Level 1:colcon.colcon_core.environment:checking '/home/jsy/Fliesenleger/install/joy_control/lib/python3.8/site-packages'
[0.607s] Level 1:colcon.colcon_core.shell:create_environment_hook('joy_control', 'pythonpath')
[0.607s] INFO:colcon.colcon_core.shell:Creating environment hook '/home/jsy/Fliesenleger/install/joy_control/share/joy_control/hook/pythonpath.ps1'
[0.608s] INFO:colcon.colcon_core.shell:Creating environment descriptor '/home/jsy/Fliesenleger/install/joy_control/share/joy_control/hook/pythonpath.dsv'
[0.608s] INFO:colcon.colcon_core.shell:Creating environment hook '/home/jsy/Fliesenleger/install/joy_control/share/joy_control/hook/pythonpath.sh'
[0.608s] Level 1:colcon.colcon_core.environment:create_environment_scripts_only(joy_control)
[0.609s] INFO:colcon.colcon_core.shell:Creating package script '/home/jsy/Fliesenleger/install/joy_control/share/joy_control/package.ps1'
[0.609s] INFO:colcon.colcon_core.shell:Creating package descriptor '/home/jsy/Fliesenleger/install/joy_control/share/joy_control/package.dsv'
[0.609s] INFO:colcon.colcon_core.shell:Creating package script '/home/jsy/Fliesenleger/install/joy_control/share/joy_control/package.sh'
[0.609s] INFO:colcon.colcon_core.shell:Creating package script '/home/jsy/Fliesenleger/install/joy_control/share/joy_control/package.bash'
[0.610s] INFO:colcon.colcon_core.shell:Creating package script '/home/jsy/Fliesenleger/install/joy_control/share/joy_control/package.zsh'
[0.610s] Level 1:colcon.colcon_core.environment:create_file_with_runtime_dependencies(/home/jsy/Fliesenleger/install/joy_control/share/colcon-core/packages/joy_control)
[0.610s] DEBUG:colcon.colcon_parallel_executor.executor.parallel:closing loop
[0.610s] DEBUG:colcon.colcon_parallel_executor.executor.parallel:loop closed
[0.610s] DEBUG:colcon.colcon_parallel_executor.executor.parallel:run_until_complete finished with '0'
[0.610s] DEBUG:colcon.colcon_core.event_reactor:joining thread
[0.614s] INFO:colcon.colcon_core.plugin_system:Skipping extension 'colcon_notification.desktop_notification.terminal_notifier': Not used on non-Darwin systems
[0.614s] INFO:colcon.colcon_core.plugin_system:Skipping extension 'colcon_notification.desktop_notification.win32': Not used on non-Windows systems
[0.614s] INFO:colcon.colcon_notification.desktop_notification:Sending desktop notification using 'notify2'
[0.628s] DEBUG:colcon.colcon_core.event_reactor:joined thread
[0.628s] INFO:colcon.colcon_core.shell:Creating prefix script '/home/jsy/Fliesenleger/install/local_setup.ps1'
[0.629s] INFO:colcon.colcon_core.shell:Creating prefix util module '/home/jsy/Fliesenleger/install/_local_setup_util_ps1.py'
[0.630s] INFO:colcon.colcon_core.shell:Creating prefix chain script '/home/jsy/Fliesenleger/install/setup.ps1'
[0.631s] INFO:colcon.colcon_core.shell:Creating prefix script '/home/jsy/Fliesenleger/install/local_setup.sh'
[0.631s] INFO:colcon.colcon_core.shell:Creating prefix util module '/home/jsy/Fliesenleger/install/_local_setup_util_sh.py'
[0.631s] INFO:colcon.colcon_core.shell:Creating prefix chain script '/home/jsy/Fliesenleger/install/setup.sh'
[0.633s] INFO:colcon.colcon_core.shell:Creating prefix script '/home/jsy/Fliesenleger/install/local_setup.bash'
[0.633s] INFO:colcon.colcon_core.shell:Creating prefix chain script '/home/jsy/Fliesenleger/install/setup.bash'
[0.634s] INFO:colcon.colcon_core.shell:Creating prefix script '/home/jsy/Fliesenleger/install/local_setup.zsh'
[0.635s] INFO:colcon.colcon_core.shell:Creating prefix chain script '/home/jsy/Fliesenleger/install/setup.zsh'
