-- Install configuration: ""
-- Up-to-date: /home/jsy/Fliesenleger/install/simulation/share/simulation/launch
-- Up-to-date: /home/jsy/Fliesenleger/install/simulation/share/simulation/launch/world.launch.py
-- Up-to-date: /home/jsy/Fliesenleger/install/simulation/share/simulation/launch/teleop_twist_joy_node.yaml
-- Up-to-date: /home/jsy/Fliesenleger/install/simulation/share/simulation/models
-- Up-to-date: /home/jsy/Fliesenleger/install/simulation/share/simulation/models/nested_model
-- Up-to-date: /home/jsy/Fliesenleger/install/simulation/share/simulation/models/nested_model/model.config
-- Up-to-date: /home/jsy/Fliesenleger/install/simulation/share/simulation/models/nested_model/model.sdf
-- Up-to-date: /home/jsy/Fliesenleger/install/simulation/share/simulation/models/description
-- Up-to-date: /home/jsy/Fliesenleger/install/simulation/share/simulation/models/description/meshes
-- Up-to-date: /home/jsy/Fliesenleger/install/simulation/share/simulation/models/description/meshes/kinect.dae
-- Up-to-date: /home/jsy/Fliesenleger/install/simulation/share/simulation/models/description/materials
-- Up-to-date: /home/jsy/Fliesenleger/install/simulation/share/simulation/models/description/materials/textures
-- Up-to-date: /home/jsy/Fliesenleger/install/simulation/share/simulation/models/description/materials/textures/kinect.png
-- Up-to-date: /home/jsy/Fliesenleger/install/simulation/share/simulation/models/3D_Lidar_270
-- Up-to-date: /home/jsy/Fliesenleger/install/simulation/share/simulation/models/3D_Lidar_270/model.config
-- Up-to-date: /home/jsy/Fliesenleger/install/simulation/share/simulation/models/3D_Lidar_270/model.sdf
-- Up-to-date: /home/jsy/Fliesenleger/install/simulation/share/simulation/models/imu
-- Up-to-date: /home/jsy/Fliesenleger/install/simulation/share/simulation/models/imu/.gitkeep
-- Up-to-date: /home/jsy/Fliesenleger/install/simulation/share/simulation/models/imu/model.config
-- Up-to-date: /home/jsy/Fliesenleger/install/simulation/share/simulation/models/imu/model.sdf
-- Up-to-date: /home/jsy/Fliesenleger/install/simulation/share/simulation/models/experi_model
-- Up-to-date: /home/jsy/Fliesenleger/install/simulation/share/simulation/models/experi_model/model.config
-- Up-to-date: /home/jsy/Fliesenleger/install/simulation/share/simulation/models/experi_model/model.sdf
-- Up-to-date: /home/jsy/Fliesenleger/install/simulation/share/simulation/models/zed_mini
-- Up-to-date: /home/jsy/Fliesenleger/install/simulation/share/simulation/models/zed_mini/meshes
-- Up-to-date: /home/jsy/Fliesenleger/install/simulation/share/simulation/models/zed_mini/meshes/kinect.dae
-- Up-to-date: /home/jsy/Fliesenleger/install/simulation/share/simulation/models/zed_mini/materials
-- Up-to-date: /home/jsy/Fliesenleger/install/simulation/share/simulation/models/zed_mini/materials/textures
-- Up-to-date: /home/jsy/Fliesenleger/install/simulation/share/simulation/models/zed_mini/materials/textures/kinect.png
-- Up-to-date: /home/jsy/Fliesenleger/install/simulation/share/simulation/models/zed_mini/model.config
-- Installing: /home/jsy/Fliesenleger/install/simulation/share/simulation/models/zed_mini/model.sdf
-- Up-to-date: /home/jsy/Fliesenleger/install/simulation/share/simulation/models/move_wheel_box
-- Up-to-date: /home/jsy/Fliesenleger/install/simulation/share/simulation/models/move_wheel_box/model.config
-- Up-to-date: /home/jsy/Fliesenleger/install/simulation/share/simulation/models/move_wheel_box/model.sdf
-- Up-to-date: /home/jsy/Fliesenleger/install/simulation/share/simulation/models/example_model
-- Up-to-date: /home/jsy/Fliesenleger/install/simulation/share/simulation/models/example_model/model.config
-- Up-to-date: /home/jsy/Fliesenleger/install/simulation/share/simulation/models/example_model/model.sdf
-- Up-to-date: /home/jsy/Fliesenleger/install/simulation/share/simulation/models/Fliesen
-- Up-to-date: /home/jsy/Fliesenleger/install/simulation/share/simulation/models/Fliesen/Yellow_30*29.85
-- Up-to-date: /home/jsy/Fliesenleger/install/simulation/share/simulation/models/Fliesen/Yellow_30*29.85/model.config
-- Up-to-date: /home/jsy/Fliesenleger/install/simulation/share/simulation/models/Fliesen/Yellow_30*29.85/model.sdf
-- Up-to-date: /home/jsy/Fliesenleger/install/simulation/share/simulation/models/Fliesen/Brown_60*60
-- Up-to-date: /home/jsy/Fliesenleger/install/simulation/share/simulation/models/Fliesen/Brown_60*60/model.config
-- Up-to-date: /home/jsy/Fliesenleger/install/simulation/share/simulation/models/Fliesen/Brown_60*60/model.sdf
-- Up-to-date: /home/jsy/Fliesenleger/install/simulation/share/simulation/models/Fliesen/Brown_60*30
-- Up-to-date: /home/jsy/Fliesenleger/install/simulation/share/simulation/models/Fliesen/Brown_60*30/model.config
-- Up-to-date: /home/jsy/Fliesenleger/install/simulation/share/simulation/models/Fliesen/Brown_60*30/model.sdf
-- Up-to-date: /home/jsy/Fliesenleger/install/simulation/share/simulation/models/Fliesen/Yellow_60*60
-- Up-to-date: /home/jsy/Fliesenleger/install/simulation/share/simulation/models/Fliesen/Yellow_60*60/model.config
-- Up-to-date: /home/jsy/Fliesenleger/install/simulation/share/simulation/models/Fliesen/Yellow_60*60/model.sdf
-- Up-to-date: /home/jsy/Fliesenleger/install/simulation/share/simulation/models/Fliesen/materials
-- Up-to-date: /home/jsy/Fliesenleger/install/simulation/share/simulation/models/Fliesen/materials/brown.jpg
-- Up-to-date: /home/jsy/Fliesenleger/install/simulation/share/simulation/models/Fliesen/materials/textures.material
-- Up-to-date: /home/jsy/Fliesenleger/install/simulation/share/simulation/models/Fliesen/materials/yellow.material
-- Up-to-date: /home/jsy/Fliesenleger/install/simulation/share/simulation/models/Fliesen/materials/brown.material
-- Up-to-date: /home/jsy/Fliesenleger/install/simulation/share/simulation/models/Fliesen/materials/yellow.jpg
-- Up-to-date: /home/jsy/Fliesenleger/install/simulation/share/simulation/models/Fliesen/Yellow_60*30_noshadow_notexture
-- Up-to-date: /home/jsy/Fliesenleger/install/simulation/share/simulation/models/Fliesen/Yellow_60*30_noshadow_notexture/model.config
-- Up-to-date: /home/jsy/Fliesenleger/install/simulation/share/simulation/models/Fliesen/Yellow_60*30_noshadow_notexture/model.sdf
-- Up-to-date: /home/jsy/Fliesenleger/install/simulation/share/simulation/models/Fliesen/Yellow_30*29.85_noshadow_notexture
-- Up-to-date: /home/jsy/Fliesenleger/install/simulation/share/simulation/models/Fliesen/Yellow_30*29.85_noshadow_notexture/model.config
-- Up-to-date: /home/jsy/Fliesenleger/install/simulation/share/simulation/models/Fliesen/Yellow_30*29.85_noshadow_notexture/model.sdf
-- Up-to-date: /home/jsy/Fliesenleger/install/simulation/share/simulation/models/Fliesen/Yellow_60*60_noshadow_notexture
-- Up-to-date: /home/jsy/Fliesenleger/install/simulation/share/simulation/models/Fliesen/Yellow_60*60_noshadow_notexture/model.config
-- Up-to-date: /home/jsy/Fliesenleger/install/simulation/share/simulation/models/Fliesen/Yellow_60*60_noshadow_notexture/model.sdf
-- Up-to-date: /home/jsy/Fliesenleger/install/simulation/share/simulation/models/Fliesen/Yellow_60*30
-- Up-to-date: /home/jsy/Fliesenleger/install/simulation/share/simulation/models/Fliesen/Yellow_60*30/model.config
-- Up-to-date: /home/jsy/Fliesenleger/install/simulation/share/simulation/models/Fliesen/Yellow_60*30/model.sdf
-- Up-to-date: /home/jsy/Fliesenleger/install/simulation/share/simulation/models/rooms
-- Up-to-date: /home/jsy/Fliesenleger/install/simulation/share/simulation/models/rooms/wall_02
-- Up-to-date: /home/jsy/Fliesenleger/install/simulation/share/simulation/models/rooms/wall_02/model.config
-- Up-to-date: /home/jsy/Fliesenleger/install/simulation/share/simulation/models/rooms/wall_02/model.sdf
-- Up-to-date: /home/jsy/Fliesenleger/install/simulation/share/simulation/models/rooms/wall_04
-- Up-to-date: /home/jsy/Fliesenleger/install/simulation/share/simulation/models/rooms/wall_04/model.config
-- Up-to-date: /home/jsy/Fliesenleger/install/simulation/share/simulation/models/rooms/wall_04/model.sdf
-- Up-to-date: /home/jsy/Fliesenleger/install/simulation/share/simulation/models/rooms/room_Brown_60*60_kreuz
-- Up-to-date: /home/jsy/Fliesenleger/install/simulation/share/simulation/models/rooms/room_Brown_60*60_kreuz/model.config
-- Up-to-date: /home/jsy/Fliesenleger/install/simulation/share/simulation/models/rooms/room_Brown_60*60_kreuz/model.sdf
-- Up-to-date: /home/jsy/Fliesenleger/install/simulation/share/simulation/models/rooms/room_Yellow_60*30_halb
-- Up-to-date: /home/jsy/Fliesenleger/install/simulation/share/simulation/models/rooms/room_Yellow_60*30_halb/model.config
-- Up-to-date: /home/jsy/Fliesenleger/install/simulation/share/simulation/models/rooms/room_Yellow_60*30_halb/model.sdf
-- Up-to-date: /home/jsy/Fliesenleger/install/simulation/share/simulation/models/rooms/room_Yellow_60*60_noshadow_notexture_kreuz
-- Up-to-date: /home/jsy/Fliesenleger/install/simulation/share/simulation/models/rooms/room_Yellow_60*60_noshadow_notexture_kreuz/model.config
-- Up-to-date: /home/jsy/Fliesenleger/install/simulation/share/simulation/models/rooms/room_Yellow_60*60_noshadow_notexture_kreuz/model.sdf
-- Up-to-date: /home/jsy/Fliesenleger/install/simulation/share/simulation/models/rooms/room_Yellow_60*30_noshadow_notexture_halb
-- Up-to-date: /home/jsy/Fliesenleger/install/simulation/share/simulation/models/rooms/room_Yellow_60*30_noshadow_notexture_halb/model.config
-- Up-to-date: /home/jsy/Fliesenleger/install/simulation/share/simulation/models/rooms/room_Yellow_60*30_noshadow_notexture_halb/model.sdf
-- Up-to-date: /home/jsy/Fliesenleger/install/simulation/share/simulation/models/rooms/room_Yellow_60*60_kreuz
-- Up-to-date: /home/jsy/Fliesenleger/install/simulation/share/simulation/models/rooms/room_Yellow_60*60_kreuz/model.config
-- Up-to-date: /home/jsy/Fliesenleger/install/simulation/share/simulation/models/rooms/room_Yellow_60*60_kreuz/model.sdf
-- Up-to-date: /home/jsy/Fliesenleger/install/simulation/share/simulation/models/rooms/wall_01
-- Up-to-date: /home/jsy/Fliesenleger/install/simulation/share/simulation/models/rooms/wall_01/model.config
-- Up-to-date: /home/jsy/Fliesenleger/install/simulation/share/simulation/models/rooms/wall_01/model.sdf
-- Up-to-date: /home/jsy/Fliesenleger/install/simulation/share/simulation/models/rooms/wall_03
-- Up-to-date: /home/jsy/Fliesenleger/install/simulation/share/simulation/models/rooms/wall_03/model.config
-- Up-to-date: /home/jsy/Fliesenleger/install/simulation/share/simulation/models/rooms/wall_03/model.sdf
-- Up-to-date: /home/jsy/Fliesenleger/install/simulation/share/simulation/worlds
-- Up-to-date: /home/jsy/Fliesenleger/install/simulation/share/simulation/worlds/world_1.world
-- Up-to-date: /home/jsy/Fliesenleger/install/simulation/share/simulation/worlds/empty.world
-- Up-to-date: /home/jsy/Fliesenleger/install/simulation/share/simulation/worlds/world_2.world
-- Up-to-date: /home/jsy/Fliesenleger/install/simulation/share/ament_index/resource_index/package_run_dependencies/simulation
-- Up-to-date: /home/jsy/Fliesenleger/install/simulation/share/ament_index/resource_index/parent_prefix_path/simulation
-- Up-to-date: /home/jsy/Fliesenleger/install/simulation/share/simulation/environment/ament_prefix_path.sh
-- Up-to-date: /home/jsy/Fliesenleger/install/simulation/share/simulation/environment/ament_prefix_path.dsv
-- Up-to-date: /home/jsy/Fliesenleger/install/simulation/share/simulation/environment/path.sh
-- Up-to-date: /home/jsy/Fliesenleger/install/simulation/share/simulation/environment/path.dsv
-- Up-to-date: /home/jsy/Fliesenleger/install/simulation/share/simulation/local_setup.bash
-- Up-to-date: /home/jsy/Fliesenleger/install/simulation/share/simulation/local_setup.sh
-- Up-to-date: /home/jsy/Fliesenleger/install/simulation/share/simulation/local_setup.zsh
-- Up-to-date: /home/jsy/Fliesenleger/install/simulation/share/simulation/local_setup.dsv
-- Installing: /home/jsy/Fliesenleger/install/simulation/share/simulation/package.dsv
-- Up-to-date: /home/jsy/Fliesenleger/install/simulation/share/ament_index/resource_index/packages/simulation
-- Up-to-date: /home/jsy/Fliesenleger/install/simulation/share/simulation/cmake/simulationConfig.cmake
-- Up-to-date: /home/jsy/Fliesenleger/install/simulation/share/simulation/cmake/simulationConfig-version.cmake
-- Up-to-date: /home/jsy/Fliesenleger/install/simulation/share/simulation/package.xml
