-- The C compiler identification is GNU 9.3.0
-- The CXX compiler identification is GNU 8.4.0
-- Check for working C compiler: /usr/bin/cc
-- Check for working C compiler: /usr/bin/cc -- works
-- Detecting C compiler ABI info
-- Detecting C compiler ABI info - done
-- Detecting C compile features
-- Detecting C compile features - done
-- Check for working CXX compiler: /usr/bin/c++
-- Check for working CXX compiler: /usr/bin/c++ -- works
-- Detecting CXX compiler ABI info
-- Detecting CXX compiler ABI info - done
-- Detecting CXX compile features
-- Detecting CXX compile features - done
-- Found ament_cmake: 0.9.8 (/opt/ros/foxy/share/ament_cmake/cmake)
-- Found PythonInterp: /usr/bin/python3 (found suitable version "3.8.10", minimum required is "3") 
-- Using PYTHON_EXECUTABLE: /usr/bin/python3
-- Found gazebo_ros: 3.5.3 (/opt/ros/foxy/share/gazebo_ros/cmake)
-- Using all available rosidl_typesupport_c: rosidl_typesupport_fastrtps_c;rosidl_typesupport_introspection_c
-- Found rosidl_adapter: 1.2.1 (/opt/ros/foxy/share/rosidl_adapter/cmake)
-- Found OpenSSL: /usr/lib/x86_64-linux-gnu/libcrypto.so (found version "1.1.1f")  
-- Found FastRTPS: /opt/ros/foxy/include  
-- Using all available rosidl_typesupport_cpp: rosidl_typesupport_fastrtps_cpp;rosidl_typesupport_introspection_cpp
-- Found rmw_implementation_cmake: 1.0.3 (/opt/ros/foxy/share/rmw_implementation_cmake/cmake)
-- Using RMW implementation 'rmw_fastrtps_cpp' as default
-- Looking for pthread.h
-- Looking for pthread.h - found
-- Performing Test CMAKE_HAVE_LIBC_PTHREAD
-- Performing Test CMAKE_HAVE_LIBC_PTHREAD - Failed
-- Looking for pthread_create in pthreads
-- Looking for pthread_create in pthreads - not found
-- Looking for pthread_create in pthread
-- Looking for pthread_create in pthread - found
-- Found Threads: TRUE  
-- Found PkgConfig: /usr/bin/pkg-config (found version "0.29.1") 
-- Checking for module 'bullet>=2.82'
--   Found bullet, version 2.88
-- Found ccd: /usr/include (found suitable version "2.0", minimum required is "2.0") 
-- Found fcl: /usr/include (found suitable version "0.5.0", minimum required is "0.3.2") 
-- Found assimp: /usr/include (found version "5.0.0") 
-- Found DART: /usr/include (Required is at least version "6.6") found components: dart 
-- Found Boost: /usr/lib/x86_64-linux-gnu/cmake/Boost-1.71.0/BoostConfig.cmake (found suitable version "1.71.0", minimum required is "1.40.0") found components: thread system filesystem program_options regex iostreams date_time 
-- Found Protobuf: /usr/lib/x86_64-linux-gnu/libprotobuf.so;-lpthread (found version "3.6.1") 
-- Looking for ignition-math6 -- found version 6.8.0
-- Searching for dependencies of ignition-math6
-- Looking for OGRE...
-- OGRE_PREFIX_WATCH changed.
-- Checking for module 'OGRE'
--   Found OGRE, version 1.9.0
-- Found Ogre Ghadamon (1.9.0)
-- Found OGRE: optimized;/usr/lib/x86_64-linux-gnu/libOgreMain.so;debug;/usr/lib/x86_64-linux-gnu/libOgreMain.so
-- Looking for OGRE_Paging...
-- Found OGRE_Paging: optimized;/usr/lib/x86_64-linux-gnu/libOgrePaging.so;debug;/usr/lib/x86_64-linux-gnu/libOgrePaging.so
-- Looking for OGRE_Terrain...
-- Found OGRE_Terrain: optimized;/usr/lib/x86_64-linux-gnu/libOgreTerrain.so;debug;/usr/lib/x86_64-linux-gnu/libOgreTerrain.so
-- Looking for OGRE_Property...
-- Found OGRE_Property: optimized;/usr/lib/x86_64-linux-gnu/libOgreProperty.so;debug;/usr/lib/x86_64-linux-gnu/libOgreProperty.so
-- Looking for OGRE_RTShaderSystem...
-- Found OGRE_RTShaderSystem: optimized;/usr/lib/x86_64-linux-gnu/libOgreRTShaderSystem.so;debug;/usr/lib/x86_64-linux-gnu/libOgreRTShaderSystem.so
-- Looking for OGRE_Volume...
-- Found OGRE_Volume: optimized;/usr/lib/x86_64-linux-gnu/libOgreVolume.so;debug;/usr/lib/x86_64-linux-gnu/libOgreVolume.so
-- Looking for OGRE_Overlay...
-- Found OGRE_Overlay: optimized;/usr/lib/x86_64-linux-gnu/libOgreOverlay.so;debug;/usr/lib/x86_64-linux-gnu/libOgreOverlay.so
-- Looking for ignition-math6 -- found version 6.8.0
-- Looking for ignition-transport8 -- found version 8.2.0
-- Searching for dependencies of ignition-transport8
-- Found Protobuf: /usr/lib/x86_64-linux-gnu/libprotobuf.so;-lpthread (found suitable version "3.6.1", minimum required is "3") 
-- Config-file not installed for ZeroMQ -- checking for pkg-config
-- Checking for module 'libzmq >= 4'
--   Found libzmq , version 4.3.2
-- Found ZeroMQ: TRUE (Required is at least version "4") 
-- Checking for module 'uuid'
--   Found uuid, version 2.34.0
-- Found UUID: TRUE  
-- Looking for ignition-msgs5 -- found version 5.7.0
-- Searching for dependencies of ignition-msgs5
-- Looking for ignition-math6 -- found version 6.8.0
-- Checking for module 'tinyxml2'
--   Found tinyxml2, version 6.2.0
-- Looking for ignition-msgs5 -- found version 5.7.0
-- Looking for ignition-common3 -- found version 3.13.2
-- Searching for dependencies of ignition-common3
-- Looking for dlfcn.h - found
-- Looking for libdl - found
-- Found DL: TRUE  
-- Searching for <ignition-common3> component [graphics]
-- Looking for ignition-common3-graphics -- found version 3.13.2
-- Searching for dependencies of ignition-common3-graphics
-- Looking for ignition-math6 -- found version 6.8.0
-- Looking for ignition-fuel_tools4 -- found version 4.3.0
-- Searching for dependencies of ignition-fuel_tools4
-- Found CURL: /usr/lib/x86_64-linux-gnu/libcurl.so (found version "7.68.0")  
-- Checking for module 'jsoncpp'
--   Found jsoncpp, version 1.7.4
-- Found JSONCPP: TRUE  
-- Checking for module 'libzip'
--   Found libzip, version 1.5.1
-- Found ZIP: TRUE  
-- Looking for ignition-common3 -- found version 3.13.2
-- Looking for ignition-msgs5 -- found version 5.7.0
-- Gazebo version: 11.5
-- Found ament_lint_auto: 0.9.6 (/opt/ros/foxy/share/ament_lint_auto/cmake)
-- Configuring done
-- Generating done
-- Build files have been written to: /home/jsy/Fliesenleger/build/simulation
-- Install configuration: ""
-- Installing: /home/jsy/Fliesenleger/install/simulation/share/simulation/launch
-- Installing: /home/jsy/Fliesenleger/install/simulation/share/simulation/launch/world.launch.py
-- Installing: /home/jsy/Fliesenleger/install/simulation/share/simulation/launch/teleop_twist_joy_node.yaml
-- Installing: /home/jsy/Fliesenleger/install/simulation/share/simulation/models
-- Installing: /home/jsy/Fliesenleger/install/simulation/share/simulation/models/nested_model
-- Installing: /home/jsy/Fliesenleger/install/simulation/share/simulation/models/nested_model/model.config
-- Installing: /home/jsy/Fliesenleger/install/simulation/share/simulation/models/nested_model/model.sdf
-- Installing: /home/jsy/Fliesenleger/install/simulation/share/simulation/models/description
-- Installing: /home/jsy/Fliesenleger/install/simulation/share/simulation/models/description/meshes
-- Installing: /home/jsy/Fliesenleger/install/simulation/share/simulation/models/description/meshes/kinect.dae
-- Installing: /home/jsy/Fliesenleger/install/simulation/share/simulation/models/description/materials
-- Installing: /home/jsy/Fliesenleger/install/simulation/share/simulation/models/description/materials/textures
-- Installing: /home/jsy/Fliesenleger/install/simulation/share/simulation/models/description/materials/textures/kinect.png
-- Installing: /home/jsy/Fliesenleger/install/simulation/share/simulation/models/3D_Lidar_270
-- Installing: /home/jsy/Fliesenleger/install/simulation/share/simulation/models/3D_Lidar_270/model.config
-- Installing: /home/jsy/Fliesenleger/install/simulation/share/simulation/models/3D_Lidar_270/model.sdf
-- Installing: /home/jsy/Fliesenleger/install/simulation/share/simulation/models/imu
-- Installing: /home/jsy/Fliesenleger/install/simulation/share/simulation/models/imu/.gitkeep
-- Installing: /home/jsy/Fliesenleger/install/simulation/share/simulation/models/imu/model.config
-- Installing: /home/jsy/Fliesenleger/install/simulation/share/simulation/models/imu/model.sdf
-- Installing: /home/jsy/Fliesenleger/install/simulation/share/simulation/models/experi_model
-- Installing: /home/jsy/Fliesenleger/install/simulation/share/simulation/models/experi_model/model.config
-- Installing: /home/jsy/Fliesenleger/install/simulation/share/simulation/models/experi_model/model.sdf
-- Installing: /home/jsy/Fliesenleger/install/simulation/share/simulation/models/zed_mini
-- Installing: /home/jsy/Fliesenleger/install/simulation/share/simulation/models/zed_mini/meshes
-- Installing: /home/jsy/Fliesenleger/install/simulation/share/simulation/models/zed_mini/meshes/kinect.dae
-- Installing: /home/jsy/Fliesenleger/install/simulation/share/simulation/models/zed_mini/materials
-- Installing: /home/jsy/Fliesenleger/install/simulation/share/simulation/models/zed_mini/materials/textures
-- Installing: /home/jsy/Fliesenleger/install/simulation/share/simulation/models/zed_mini/materials/textures/kinect.png
-- Installing: /home/jsy/Fliesenleger/install/simulation/share/simulation/models/zed_mini/model.config
-- Installing: /home/jsy/Fliesenleger/install/simulation/share/simulation/models/zed_mini/model.sdf
-- Installing: /home/jsy/Fliesenleger/install/simulation/share/simulation/models/move_wheel_box
-- Installing: /home/jsy/Fliesenleger/install/simulation/share/simulation/models/move_wheel_box/model.config
-- Installing: /home/jsy/Fliesenleger/install/simulation/share/simulation/models/move_wheel_box/model.sdf
-- Installing: /home/jsy/Fliesenleger/install/simulation/share/simulation/models/example_model
-- Installing: /home/jsy/Fliesenleger/install/simulation/share/simulation/models/example_model/model.config
-- Installing: /home/jsy/Fliesenleger/install/simulation/share/simulation/models/example_model/model.sdf
-- Installing: /home/jsy/Fliesenleger/install/simulation/share/simulation/models/Fliesen
-- Installing: /home/jsy/Fliesenleger/install/simulation/share/simulation/models/Fliesen/Yellow_30*29.85
-- Installing: /home/jsy/Fliesenleger/install/simulation/share/simulation/models/Fliesen/Yellow_30*29.85/model.config
-- Installing: /home/jsy/Fliesenleger/install/simulation/share/simulation/models/Fliesen/Yellow_30*29.85/model.sdf
-- Installing: /home/jsy/Fliesenleger/install/simulation/share/simulation/models/Fliesen/Brown_60*60
-- Installing: /home/jsy/Fliesenleger/install/simulation/share/simulation/models/Fliesen/Brown_60*60/model.config
-- Installing: /home/jsy/Fliesenleger/install/simulation/share/simulation/models/Fliesen/Brown_60*60/model.sdf
-- Installing: /home/jsy/Fliesenleger/install/simulation/share/simulation/models/Fliesen/Brown_60*30
-- Installing: /home/jsy/Fliesenleger/install/simulation/share/simulation/models/Fliesen/Brown_60*30/model.config
-- Installing: /home/jsy/Fliesenleger/install/simulation/share/simulation/models/Fliesen/Brown_60*30/model.sdf
-- Installing: /home/jsy/Fliesenleger/install/simulation/share/simulation/models/Fliesen/Yellow_60*60
-- Installing: /home/jsy/Fliesenleger/install/simulation/share/simulation/models/Fliesen/Yellow_60*60/model.config
-- Installing: /home/jsy/Fliesenleger/install/simulation/share/simulation/models/Fliesen/Yellow_60*60/model.sdf
-- Installing: /home/jsy/Fliesenleger/install/simulation/share/simulation/models/Fliesen/materials
-- Installing: /home/jsy/Fliesenleger/install/simulation/share/simulation/models/Fliesen/materials/brown.jpg
-- Installing: /home/jsy/Fliesenleger/install/simulation/share/simulation/models/Fliesen/materials/textures.material
-- Installing: /home/jsy/Fliesenleger/install/simulation/share/simulation/models/Fliesen/materials/yellow.material
-- Installing: /home/jsy/Fliesenleger/install/simulation/share/simulation/models/Fliesen/materials/brown.material
-- Installing: /home/jsy/Fliesenleger/install/simulation/share/simulation/models/Fliesen/materials/yellow.jpg
-- Installing: /home/jsy/Fliesenleger/install/simulation/share/simulation/models/Fliesen/Yellow_60*30_noshadow_notexture
-- Installing: /home/jsy/Fliesenleger/install/simulation/share/simulation/models/Fliesen/Yellow_60*30_noshadow_notexture/model.config
-- Installing: /home/jsy/Fliesenleger/install/simulation/share/simulation/models/Fliesen/Yellow_60*30_noshadow_notexture/model.sdf
-- Installing: /home/jsy/Fliesenleger/install/simulation/share/simulation/models/Fliesen/Yellow_30*29.85_noshadow_notexture
-- Installing: /home/jsy/Fliesenleger/install/simulation/share/simulation/models/Fliesen/Yellow_30*29.85_noshadow_notexture/model.config
-- Installing: /home/jsy/Fliesenleger/install/simulation/share/simulation/models/Fliesen/Yellow_30*29.85_noshadow_notexture/model.sdf
-- Installing: /home/jsy/Fliesenleger/install/simulation/share/simulation/models/Fliesen/Yellow_60*60_noshadow_notexture
-- Installing: /home/jsy/Fliesenleger/install/simulation/share/simulation/models/Fliesen/Yellow_60*60_noshadow_notexture/model.config
-- Installing: /home/jsy/Fliesenleger/install/simulation/share/simulation/models/Fliesen/Yellow_60*60_noshadow_notexture/model.sdf
-- Installing: /home/jsy/Fliesenleger/install/simulation/share/simulation/models/Fliesen/Yellow_60*30
-- Installing: /home/jsy/Fliesenleger/install/simulation/share/simulation/models/Fliesen/Yellow_60*30/model.config
-- Installing: /home/jsy/Fliesenleger/install/simulation/share/simulation/models/Fliesen/Yellow_60*30/model.sdf
-- Installing: /home/jsy/Fliesenleger/install/simulation/share/simulation/models/rooms
-- Installing: /home/jsy/Fliesenleger/install/simulation/share/simulation/models/rooms/wall_02
-- Installing: /home/jsy/Fliesenleger/install/simulation/share/simulation/models/rooms/wall_02/model.config
-- Installing: /home/jsy/Fliesenleger/install/simulation/share/simulation/models/rooms/wall_02/model.sdf
-- Installing: /home/jsy/Fliesenleger/install/simulation/share/simulation/models/rooms/wall_04
-- Installing: /home/jsy/Fliesenleger/install/simulation/share/simulation/models/rooms/wall_04/model.config
-- Installing: /home/jsy/Fliesenleger/install/simulation/share/simulation/models/rooms/wall_04/model.sdf
-- Installing: /home/jsy/Fliesenleger/install/simulation/share/simulation/models/rooms/room_Brown_60*60_kreuz
-- Installing: /home/jsy/Fliesenleger/install/simulation/share/simulation/models/rooms/room_Brown_60*60_kreuz/model.config
-- Installing: /home/jsy/Fliesenleger/install/simulation/share/simulation/models/rooms/room_Brown_60*60_kreuz/model.sdf
-- Installing: /home/jsy/Fliesenleger/install/simulation/share/simulation/models/rooms/room_Yellow_60*30_halb
-- Installing: /home/jsy/Fliesenleger/install/simulation/share/simulation/models/rooms/room_Yellow_60*30_halb/model.config
-- Installing: /home/jsy/Fliesenleger/install/simulation/share/simulation/models/rooms/room_Yellow_60*30_halb/model.sdf
-- Installing: /home/jsy/Fliesenleger/install/simulation/share/simulation/models/rooms/room_Yellow_60*60_noshadow_notexture_kreuz
-- Installing: /home/jsy/Fliesenleger/install/simulation/share/simulation/models/rooms/room_Yellow_60*60_noshadow_notexture_kreuz/model.config
-- Installing: /home/jsy/Fliesenleger/install/simulation/share/simulation/models/rooms/room_Yellow_60*60_noshadow_notexture_kreuz/model.sdf
-- Installing: /home/jsy/Fliesenleger/install/simulation/share/simulation/models/rooms/room_Yellow_60*30_noshadow_notexture_halb
-- Installing: /home/jsy/Fliesenleger/install/simulation/share/simulation/models/rooms/room_Yellow_60*30_noshadow_notexture_halb/model.config
-- Installing: /home/jsy/Fliesenleger/install/simulation/share/simulation/models/rooms/room_Yellow_60*30_noshadow_notexture_halb/model.sdf
-- Installing: /home/jsy/Fliesenleger/install/simulation/share/simulation/models/rooms/room_Yellow_60*60_kreuz
-- Installing: /home/jsy/Fliesenleger/install/simulation/share/simulation/models/rooms/room_Yellow_60*60_kreuz/model.config
-- Installing: /home/jsy/Fliesenleger/install/simulation/share/simulation/models/rooms/room_Yellow_60*60_kreuz/model.sdf
-- Installing: /home/jsy/Fliesenleger/install/simulation/share/simulation/models/rooms/wall_01
-- Installing: /home/jsy/Fliesenleger/install/simulation/share/simulation/models/rooms/wall_01/model.config
-- Installing: /home/jsy/Fliesenleger/install/simulation/share/simulation/models/rooms/wall_01/model.sdf
-- Installing: /home/jsy/Fliesenleger/install/simulation/share/simulation/models/rooms/wall_03
-- Installing: /home/jsy/Fliesenleger/install/simulation/share/simulation/models/rooms/wall_03/model.config
-- Installing: /home/jsy/Fliesenleger/install/simulation/share/simulation/models/rooms/wall_03/model.sdf
-- Installing: /home/jsy/Fliesenleger/install/simulation/share/simulation/worlds
-- Installing: /home/jsy/Fliesenleger/install/simulation/share/simulation/worlds/world_1.world
-- Installing: /home/jsy/Fliesenleger/install/simulation/share/simulation/worlds/world_2.world
-- Installing: /home/jsy/Fliesenleger/install/simulation/share/ament_index/resource_index/package_run_dependencies/simulation
-- Installing: /home/jsy/Fliesenleger/install/simulation/share/ament_index/resource_index/parent_prefix_path/simulation
-- Installing: /home/jsy/Fliesenleger/install/simulation/share/simulation/environment/ament_prefix_path.sh
-- Installing: /home/jsy/Fliesenleger/install/simulation/share/simulation/environment/ament_prefix_path.dsv
-- Installing: /home/jsy/Fliesenleger/install/simulation/share/simulation/environment/path.sh
-- Installing: /home/jsy/Fliesenleger/install/simulation/share/simulation/environment/path.dsv
-- Installing: /home/jsy/Fliesenleger/install/simulation/share/simulation/local_setup.bash
-- Installing: /home/jsy/Fliesenleger/install/simulation/share/simulation/local_setup.sh
-- Installing: /home/jsy/Fliesenleger/install/simulation/share/simulation/local_setup.zsh
-- Installing: /home/jsy/Fliesenleger/install/simulation/share/simulation/local_setup.dsv
-- Installing: /home/jsy/Fliesenleger/install/simulation/share/simulation/package.dsv
-- Installing: /home/jsy/Fliesenleger/install/simulation/share/ament_index/resource_index/packages/simulation
-- Installing: /home/jsy/Fliesenleger/install/simulation/share/simulation/cmake/simulationConfig.cmake
-- Installing: /home/jsy/Fliesenleger/install/simulation/share/simulation/cmake/simulationConfig-version.cmake
-- Installing: /home/jsy/Fliesenleger/install/simulation/share/simulation/package.xml
