[0.159s] Invoking command in '/home/jsy/Fliesenleger/build/simulation': CMAKE_PREFIX_PATH=/opt/ros/foxy /usr/bin/cmake /home/jsy/Fliesenleger/simulation -DCMAKE_INSTALL_PREFIX=/home/jsy/Fliesenleger/install/simulation
[0.203s] -- The C compiler identification is GNU 9.3.0
[0.270s] -- The CXX compiler identification is GNU 8.4.0
[0.275s] -- Check for working C compiler: /usr/bin/cc
[0.315s] -- Check for working C compiler: /usr/bin/cc -- works
[0.316s] -- Detecting C compiler ABI info
[0.356s] -- Detecting C compiler ABI info - done
[0.363s] -- Detecting C compile features
[0.364s] -- Detecting C compile features - done
[0.366s] -- Check for working CXX compiler: /usr/bin/c++
[0.412s] -- Check for working CXX compiler: /usr/bin/c++ -- works
[0.412s] -- Detecting CXX compiler ABI info
[0.459s] -- Detecting CXX compiler ABI info - done
[0.467s] -- Detecting CXX compile features
[0.467s] -- Detecting CXX compile features - done
[0.469s] -- Found ament_cmake: 0.9.8 (/opt/ros/foxy/share/ament_cmake/cmake)
[0.486s] -- Found PythonInterp: /usr/bin/python3 (found suitable version "3.8.10", minimum required is "3") 
[0.486s] -- Using PYTHON_EXECUTABLE: /usr/bin/python3
[0.628s] -- Found gazebo_ros: 3.5.3 (/opt/ros/foxy/share/gazebo_ros/cmake)
[0.662s] -- Using all available rosidl_typesupport_c: rosidl_typesupport_fastrtps_c;rosidl_typesupport_introspection_c
[0.666s] -- Found rosidl_adapter: 1.2.1 (/opt/ros/foxy/share/rosidl_adapter/cmake)
[0.708s] -- Found OpenSSL: /usr/lib/x86_64-linux-gnu/libcrypto.so (found version "1.1.1f")  
[0.725s] -- Found FastRTPS: /opt/ros/foxy/include  
[0.775s] -- Using all available rosidl_typesupport_cpp: rosidl_typesupport_fastrtps_cpp;rosidl_typesupport_introspection_cpp
[0.815s] -- Found rmw_implementation_cmake: 1.0.3 (/opt/ros/foxy/share/rmw_implementation_cmake/cmake)
[0.816s] -- Using RMW implementation 'rmw_fastrtps_cpp' as default
[0.817s] -- Looking for pthread.h
[0.857s] -- Looking for pthread.h - found
[0.857s] -- Performing Test CMAKE_HAVE_LIBC_PTHREAD
[0.900s] -- Performing Test CMAKE_HAVE_LIBC_PTHREAD - Failed
[0.900s] -- Looking for pthread_create in pthreads
[0.933s] -- Looking for pthread_create in pthreads - not found
[0.933s] -- Looking for pthread_create in pthread
[0.972s] -- Looking for pthread_create in pthread - found
[0.973s] -- Found Threads: TRUE  
[1.084s] -- Found PkgConfig: /usr/bin/pkg-config (found version "0.29.1") 
[1.085s] -- Checking for module 'bullet>=2.82'
[1.092s] --   Found bullet, version 2.88
[1.152s] -- Found ccd: /usr/include (found suitable version "2.0", minimum required is "2.0") 
[1.179s] -- Found fcl: /usr/include (found suitable version "0.5.0", minimum required is "0.3.2") 
[1.206s] -- Found assimp: /usr/include (found version "5.0.0") 
[1.222s] -- Found DART: /usr/include (Required is at least version "6.6") found components: dart 
[1.238s] -- Found Boost: /usr/lib/x86_64-linux-gnu/cmake/Boost-1.71.0/BoostConfig.cmake (found suitable version "1.71.0", minimum required is "1.40.0") found components: thread system filesystem program_options regex iostreams date_time 
[1.252s] -- Found Protobuf: /usr/lib/x86_64-linux-gnu/libprotobuf.so;-lpthread (found version "3.6.1") 
[1.255s] -- Looking for ignition-math6 -- found version 6.8.0
[1.260s] -- Searching for dependencies of ignition-math6
[1.261s] -- Looking for OGRE...
[1.261s] -- OGRE_PREFIX_WATCH changed.
[1.264s] -- Checking for module 'OGRE'
[1.271s] --   Found OGRE, version 1.9.0
[1.289s] -- Found Ogre Ghadamon (1.9.0)
[1.294s] -- Found OGRE: optimized;/usr/lib/x86_64-linux-gnu/libOgreMain.so;debug;/usr/lib/x86_64-linux-gnu/libOgreMain.so
[1.301s] -- Looking for OGRE_Paging...
[1.304s] -- Found OGRE_Paging: optimized;/usr/lib/x86_64-linux-gnu/libOgrePaging.so;debug;/usr/lib/x86_64-linux-gnu/libOgrePaging.so
[1.304s] -- Looking for OGRE_Terrain...
[1.308s] -- Found OGRE_Terrain: optimized;/usr/lib/x86_64-linux-gnu/libOgreTerrain.so;debug;/usr/lib/x86_64-linux-gnu/libOgreTerrain.so
[1.308s] -- Looking for OGRE_Property...
[1.311s] -- Found OGRE_Property: optimized;/usr/lib/x86_64-linux-gnu/libOgreProperty.so;debug;/usr/lib/x86_64-linux-gnu/libOgreProperty.so
[1.312s] -- Looking for OGRE_RTShaderSystem...
[1.315s] -- Found OGRE_RTShaderSystem: optimized;/usr/lib/x86_64-linux-gnu/libOgreRTShaderSystem.so;debug;/usr/lib/x86_64-linux-gnu/libOgreRTShaderSystem.so
[1.315s] -- Looking for OGRE_Volume...
[1.319s] -- Found OGRE_Volume: optimized;/usr/lib/x86_64-linux-gnu/libOgreVolume.so;debug;/usr/lib/x86_64-linux-gnu/libOgreVolume.so
[1.319s] -- Looking for OGRE_Overlay...
[1.323s] -- Found OGRE_Overlay: optimized;/usr/lib/x86_64-linux-gnu/libOgreOverlay.so;debug;/usr/lib/x86_64-linux-gnu/libOgreOverlay.so
[1.395s] -- Looking for ignition-math6 -- found version 6.8.0
[1.396s] -- Looking for ignition-transport8 -- found version 8.2.0
[1.396s] -- Searching for dependencies of ignition-transport8
[1.407s] -- Found Protobuf: /usr/lib/x86_64-linux-gnu/libprotobuf.so;-lpthread (found suitable version "3.6.1", minimum required is "3") 
[1.413s] -- Config-file not installed for ZeroMQ -- checking for pkg-config
[1.416s] -- Checking for module 'libzmq >= 4'
[1.424s] --   Found libzmq , version 4.3.2
[1.443s] -- Found ZeroMQ: TRUE (Required is at least version "4") 
[1.447s] -- Checking for module 'uuid'
[1.454s] --   Found uuid, version 2.34.0
[1.472s] -- Found UUID: TRUE  
[1.473s] -- Looking for ignition-msgs5 -- found version 5.7.0
[1.474s] -- Searching for dependencies of ignition-msgs5
[1.485s] -- Looking for ignition-math6 -- found version 6.8.0
[1.488s] -- Checking for module 'tinyxml2'
[1.495s] --   Found tinyxml2, version 6.2.0
[1.515s] -- Looking for ignition-msgs5 -- found version 5.7.0
[1.516s] -- Looking for ignition-common3 -- found version 3.13.2
[1.516s] -- Searching for dependencies of ignition-common3
[1.517s] -- Looking for dlfcn.h - found
[1.517s] -- Looking for libdl - found
[1.518s] -- Found DL: TRUE  
[1.522s] -- Searching for <ignition-common3> component [graphics]
[1.523s] -- Looking for ignition-common3-graphics -- found version 3.13.2
[1.523s] -- Searching for dependencies of ignition-common3-graphics
[1.524s] -- Looking for ignition-math6 -- found version 6.8.0
[1.525s] -- Looking for ignition-fuel_tools4 -- found version 4.3.0
[1.526s] -- Searching for dependencies of ignition-fuel_tools4
[1.562s] -- Found CURL: /usr/lib/x86_64-linux-gnu/libcurl.so (found version "7.68.0")  
[1.566s] -- Checking for module 'jsoncpp'
[1.573s] --   Found jsoncpp, version 1.7.4
[1.592s] -- Found JSONCPP: TRUE  
[1.595s] -- Checking for module 'libzip'
[1.602s] --   Found libzip, version 1.5.1
[1.621s] -- Found ZIP: TRUE  
[1.621s] -- Looking for ignition-common3 -- found version 3.13.2
[1.622s] -- Looking for ignition-msgs5 -- found version 5.7.0
[1.623s] -- Gazebo version: 11.5
[1.628s] -- Found ament_lint_auto: 0.9.6 (/opt/ros/foxy/share/ament_lint_auto/cmake)
[1.666s] -- Configuring done
[1.667s] -- Generating done
[1.668s] -- Build files have been written to: /home/jsy/Fliesenleger/build/simulation
[1.674s] Invoked command in '/home/jsy/Fliesenleger/build/simulation' returned '0': CMAKE_PREFIX_PATH=/opt/ros/foxy /usr/bin/cmake /home/jsy/Fliesenleger/simulation -DCMAKE_INSTALL_PREFIX=/home/jsy/Fliesenleger/install/simulation
[1.677s] Invoking command in '/home/jsy/Fliesenleger/build/simulation': CMAKE_PREFIX_PATH=/opt/ros/foxy /usr/bin/cmake --build /home/jsy/Fliesenleger/build/simulation -- -j20 -l20
[1.700s] Invoked command in '/home/jsy/Fliesenleger/build/simulation' returned '0': CMAKE_PREFIX_PATH=/opt/ros/foxy /usr/bin/cmake --build /home/jsy/Fliesenleger/build/simulation -- -j20 -l20
[1.717s] Invoking command in '/home/jsy/Fliesenleger/build/simulation': CMAKE_PREFIX_PATH=/opt/ros/foxy /usr/bin/cmake --install /home/jsy/Fliesenleger/build/simulation
[1.721s] -- Install configuration: ""
[1.722s] -- Installing: /home/jsy/Fliesenleger/install/simulation/share/simulation/launch
[1.722s] -- Installing: /home/jsy/Fliesenleger/install/simulation/share/simulation/launch/world.launch.py
[1.722s] -- Installing: /home/jsy/Fliesenleger/install/simulation/share/simulation/launch/teleop_twist_joy_node.yaml
[1.722s] -- Installing: /home/jsy/Fliesenleger/install/simulation/share/simulation/models
[1.722s] -- Installing: /home/jsy/Fliesenleger/install/simulation/share/simulation/models/nested_model
[1.722s] -- Installing: /home/jsy/Fliesenleger/install/simulation/share/simulation/models/nested_model/model.config
[1.722s] -- Installing: /home/jsy/Fliesenleger/install/simulation/share/simulation/models/nested_model/model.sdf
[1.722s] -- Installing: /home/jsy/Fliesenleger/install/simulation/share/simulation/models/description
[1.722s] -- Installing: /home/jsy/Fliesenleger/install/simulation/share/simulation/models/description/meshes
[1.722s] -- Installing: /home/jsy/Fliesenleger/install/simulation/share/simulation/models/description/meshes/kinect.dae
[1.722s] -- Installing: /home/jsy/Fliesenleger/install/simulation/share/simulation/models/description/materials
[1.722s] -- Installing: /home/jsy/Fliesenleger/install/simulation/share/simulation/models/description/materials/textures
[1.722s] -- Installing: /home/jsy/Fliesenleger/install/simulation/share/simulation/models/description/materials/textures/kinect.png
[1.723s] -- Installing: /home/jsy/Fliesenleger/install/simulation/share/simulation/models/3D_Lidar_270
[1.723s] -- Installing: /home/jsy/Fliesenleger/install/simulation/share/simulation/models/3D_Lidar_270/model.config
[1.723s] -- Installing: /home/jsy/Fliesenleger/install/simulation/share/simulation/models/3D_Lidar_270/model.sdf
[1.723s] -- Installing: /home/jsy/Fliesenleger/install/simulation/share/simulation/models/imu
[1.723s] -- Installing: /home/jsy/Fliesenleger/install/simulation/share/simulation/models/imu/.gitkeep
[1.723s] -- Installing: /home/jsy/Fliesenleger/install/simulation/share/simulation/models/imu/model.config
[1.723s] -- Installing: /home/jsy/Fliesenleger/install/simulation/share/simulation/models/imu/model.sdf
[1.723s] -- Installing: /home/jsy/Fliesenleger/install/simulation/share/simulation/models/experi_model
[1.723s] -- Installing: /home/jsy/Fliesenleger/install/simulation/share/simulation/models/experi_model/model.config
[1.723s] -- Installing: /home/jsy/Fliesenleger/install/simulation/share/simulation/models/experi_model/model.sdf
[1.723s] -- Installing: /home/jsy/Fliesenleger/install/simulation/share/simulation/models/zed_mini
[1.723s] -- Installing: /home/jsy/Fliesenleger/install/simulation/share/simulation/models/zed_mini/meshes
[1.723s] -- Installing: /home/jsy/Fliesenleger/install/simulation/share/simulation/models/zed_mini/meshes/kinect.dae
[1.724s] -- Installing: /home/jsy/Fliesenleger/install/simulation/share/simulation/models/zed_mini/materials
[1.724s] -- Installing: /home/jsy/Fliesenleger/install/simulation/share/simulation/models/zed_mini/materials/textures
[1.725s] -- Installing: /home/jsy/Fliesenleger/install/simulation/share/simulation/models/zed_mini/materials/textures/kinect.png
[1.725s] -- Installing: /home/jsy/Fliesenleger/install/simulation/share/simulation/models/zed_mini/model.config
[1.725s] -- Installing: /home/jsy/Fliesenleger/install/simulation/share/simulation/models/zed_mini/model.sdf
[1.725s] -- Installing: /home/jsy/Fliesenleger/install/simulation/share/simulation/models/move_wheel_box
[1.725s] -- Installing: /home/jsy/Fliesenleger/install/simulation/share/simulation/models/move_wheel_box/model.config
[1.725s] -- Installing: /home/jsy/Fliesenleger/install/simulation/share/simulation/models/move_wheel_box/model.sdf
[1.725s] -- Installing: /home/jsy/Fliesenleger/install/simulation/share/simulation/models/example_model
[1.725s] -- Installing: /home/jsy/Fliesenleger/install/simulation/share/simulation/models/example_model/model.config
[1.725s] -- Installing: /home/jsy/Fliesenleger/install/simulation/share/simulation/models/example_model/model.sdf
[1.725s] -- Installing: /home/jsy/Fliesenleger/install/simulation/share/simulation/models/Fliesen
[1.725s] -- Installing: /home/jsy/Fliesenleger/install/simulation/share/simulation/models/Fliesen/Yellow_30*29.85
[1.725s] -- Installing: /home/jsy/Fliesenleger/install/simulation/share/simulation/models/Fliesen/Yellow_30*29.85/model.config
[1.725s] -- Installing: /home/jsy/Fliesenleger/install/simulation/share/simulation/models/Fliesen/Yellow_30*29.85/model.sdf
[1.725s] -- Installing: /home/jsy/Fliesenleger/install/simulation/share/simulation/models/Fliesen/Brown_60*60
[1.725s] -- Installing: /home/jsy/Fliesenleger/install/simulation/share/simulation/models/Fliesen/Brown_60*60/model.config
[1.725s] -- Installing: /home/jsy/Fliesenleger/install/simulation/share/simulation/models/Fliesen/Brown_60*60/model.sdf
[1.726s] -- Installing: /home/jsy/Fliesenleger/install/simulation/share/simulation/models/Fliesen/Brown_60*30
[1.726s] -- Installing: /home/jsy/Fliesenleger/install/simulation/share/simulation/models/Fliesen/Brown_60*30/model.config
[1.726s] -- Installing: /home/jsy/Fliesenleger/install/simulation/share/simulation/models/Fliesen/Brown_60*30/model.sdf
[1.726s] -- Installing: /home/jsy/Fliesenleger/install/simulation/share/simulation/models/Fliesen/Yellow_60*60
[1.726s] -- Installing: /home/jsy/Fliesenleger/install/simulation/share/simulation/models/Fliesen/Yellow_60*60/model.config
[1.726s] -- Installing: /home/jsy/Fliesenleger/install/simulation/share/simulation/models/Fliesen/Yellow_60*60/model.sdf
[1.726s] -- Installing: /home/jsy/Fliesenleger/install/simulation/share/simulation/models/Fliesen/materials
[1.726s] -- Installing: /home/jsy/Fliesenleger/install/simulation/share/simulation/models/Fliesen/materials/brown.jpg
[1.726s] -- Installing: /home/jsy/Fliesenleger/install/simulation/share/simulation/models/Fliesen/materials/textures.material
[1.726s] -- Installing: /home/jsy/Fliesenleger/install/simulation/share/simulation/models/Fliesen/materials/yellow.material
[1.726s] -- Installing: /home/jsy/Fliesenleger/install/simulation/share/simulation/models/Fliesen/materials/brown.material
[1.726s] -- Installing: /home/jsy/Fliesenleger/install/simulation/share/simulation/models/Fliesen/materials/yellow.jpg
[1.727s] -- Installing: /home/jsy/Fliesenleger/install/simulation/share/simulation/models/Fliesen/Yellow_60*30_noshadow_notexture
[1.727s] -- Installing: /home/jsy/Fliesenleger/install/simulation/share/simulation/models/Fliesen/Yellow_60*30_noshadow_notexture/model.config
[1.727s] -- Installing: /home/jsy/Fliesenleger/install/simulation/share/simulation/models/Fliesen/Yellow_60*30_noshadow_notexture/model.sdf
[1.727s] -- Installing: /home/jsy/Fliesenleger/install/simulation/share/simulation/models/Fliesen/Yellow_30*29.85_noshadow_notexture
[1.727s] -- Installing: /home/jsy/Fliesenleger/install/simulation/share/simulation/models/Fliesen/Yellow_30*29.85_noshadow_notexture/model.config
[1.727s] -- Installing: /home/jsy/Fliesenleger/install/simulation/share/simulation/models/Fliesen/Yellow_30*29.85_noshadow_notexture/model.sdf
[1.727s] -- Installing: /home/jsy/Fliesenleger/install/simulation/share/simulation/models/Fliesen/Yellow_60*60_noshadow_notexture
[1.727s] -- Installing: /home/jsy/Fliesenleger/install/simulation/share/simulation/models/Fliesen/Yellow_60*60_noshadow_notexture/model.config
[1.727s] -- Installing: /home/jsy/Fliesenleger/install/simulation/share/simulation/models/Fliesen/Yellow_60*60_noshadow_notexture/model.sdf
[1.727s] -- Installing: /home/jsy/Fliesenleger/install/simulation/share/simulation/models/Fliesen/Yellow_60*30
[1.727s] -- Installing: /home/jsy/Fliesenleger/install/simulation/share/simulation/models/Fliesen/Yellow_60*30/model.config
[1.727s] -- Installing: /home/jsy/Fliesenleger/install/simulation/share/simulation/models/Fliesen/Yellow_60*30/model.sdf
[1.727s] -- Installing: /home/jsy/Fliesenleger/install/simulation/share/simulation/models/rooms
[1.727s] -- Installing: /home/jsy/Fliesenleger/install/simulation/share/simulation/models/rooms/wall_02
[1.727s] -- Installing: /home/jsy/Fliesenleger/install/simulation/share/simulation/models/rooms/wall_02/model.config
[1.727s] -- Installing: /home/jsy/Fliesenleger/install/simulation/share/simulation/models/rooms/wall_02/model.sdf
[1.728s] -- Installing: /home/jsy/Fliesenleger/install/simulation/share/simulation/models/rooms/wall_04
[1.728s] -- Installing: /home/jsy/Fliesenleger/install/simulation/share/simulation/models/rooms/wall_04/model.config
[1.728s] -- Installing: /home/jsy/Fliesenleger/install/simulation/share/simulation/models/rooms/wall_04/model.sdf
[1.728s] -- Installing: /home/jsy/Fliesenleger/install/simulation/share/simulation/models/rooms/room_Brown_60*60_kreuz
[1.728s] -- Installing: /home/jsy/Fliesenleger/install/simulation/share/simulation/models/rooms/room_Brown_60*60_kreuz/model.config
[1.728s] -- Installing: /home/jsy/Fliesenleger/install/simulation/share/simulation/models/rooms/room_Brown_60*60_kreuz/model.sdf
[1.728s] -- Installing: /home/jsy/Fliesenleger/install/simulation/share/simulation/models/rooms/room_Yellow_60*30_halb
[1.728s] -- Installing: /home/jsy/Fliesenleger/install/simulation/share/simulation/models/rooms/room_Yellow_60*30_halb/model.config
[1.728s] -- Installing: /home/jsy/Fliesenleger/install/simulation/share/simulation/models/rooms/room_Yellow_60*30_halb/model.sdf
[1.728s] -- Installing: /home/jsy/Fliesenleger/install/simulation/share/simulation/models/rooms/room_Yellow_60*60_noshadow_notexture_kreuz
[1.728s] -- Installing: /home/jsy/Fliesenleger/install/simulation/share/simulation/models/rooms/room_Yellow_60*60_noshadow_notexture_kreuz/model.config
[1.728s] -- Installing: /home/jsy/Fliesenleger/install/simulation/share/simulation/models/rooms/room_Yellow_60*60_noshadow_notexture_kreuz/model.sdf
[1.728s] -- Installing: /home/jsy/Fliesenleger/install/simulation/share/simulation/models/rooms/room_Yellow_60*30_noshadow_notexture_halb
[1.728s] -- Installing: /home/jsy/Fliesenleger/install/simulation/share/simulation/models/rooms/room_Yellow_60*30_noshadow_notexture_halb/model.config
[1.728s] -- Installing: /home/jsy/Fliesenleger/install/simulation/share/simulation/models/rooms/room_Yellow_60*30_noshadow_notexture_halb/model.sdf
[1.728s] -- Installing: /home/jsy/Fliesenleger/install/simulation/share/simulation/models/rooms/room_Yellow_60*60_kreuz
[1.728s] -- Installing: /home/jsy/Fliesenleger/install/simulation/share/simulation/models/rooms/room_Yellow_60*60_kreuz/model.config
[1.728s] -- Installing: /home/jsy/Fliesenleger/install/simulation/share/simulation/models/rooms/room_Yellow_60*60_kreuz/model.sdf
[1.728s] -- Installing: /home/jsy/Fliesenleger/install/simulation/share/simulation/models/rooms/wall_01
[1.729s] -- Installing: /home/jsy/Fliesenleger/install/simulation/share/simulation/models/rooms/wall_01/model.config
[1.729s] -- Installing: /home/jsy/Fliesenleger/install/simulation/share/simulation/models/rooms/wall_01/model.sdf
[1.729s] -- Installing: /home/jsy/Fliesenleger/install/simulation/share/simulation/models/rooms/wall_03
[1.729s] -- Installing: /home/jsy/Fliesenleger/install/simulation/share/simulation/models/rooms/wall_03/model.config
[1.729s] -- Installing: /home/jsy/Fliesenleger/install/simulation/share/simulation/models/rooms/wall_03/model.sdf
[1.729s] -- Installing: /home/jsy/Fliesenleger/install/simulation/share/simulation/worlds
[1.729s] -- Installing: /home/jsy/Fliesenleger/install/simulation/share/simulation/worlds/world_1.world
[1.729s] -- Installing: /home/jsy/Fliesenleger/install/simulation/share/simulation/worlds/world_2.world
[1.729s] -- Installing: /home/jsy/Fliesenleger/install/simulation/share/ament_index/resource_index/package_run_dependencies/simulation
[1.729s] -- Installing: /home/jsy/Fliesenleger/install/simulation/share/ament_index/resource_index/parent_prefix_path/simulation
[1.729s] -- Installing: /home/jsy/Fliesenleger/install/simulation/share/simulation/environment/ament_prefix_path.sh
[1.729s] -- Installing: /home/jsy/Fliesenleger/install/simulation/share/simulation/environment/ament_prefix_path.dsv
[1.729s] -- Installing: /home/jsy/Fliesenleger/install/simulation/share/simulation/environment/path.sh
[1.729s] -- Installing: /home/jsy/Fliesenleger/install/simulation/share/simulation/environment/path.dsv
[1.729s] -- Installing: /home/jsy/Fliesenleger/install/simulation/share/simulation/local_setup.bash
[1.729s] -- Installing: /home/jsy/Fliesenleger/install/simulation/share/simulation/local_setup.sh
[1.729s] -- Installing: /home/jsy/Fliesenleger/install/simulation/share/simulation/local_setup.zsh
[1.729s] -- Installing: /home/jsy/Fliesenleger/install/simulation/share/simulation/local_setup.dsv
[1.729s] -- Installing: /home/jsy/Fliesenleger/install/simulation/share/simulation/package.dsv
[1.730s] -- Installing: /home/jsy/Fliesenleger/install/simulation/share/ament_index/resource_index/packages/simulation
[1.730s] -- Installing: /home/jsy/Fliesenleger/install/simulation/share/simulation/cmake/simulationConfig.cmake
[1.730s] -- Installing: /home/jsy/Fliesenleger/install/simulation/share/simulation/cmake/simulationConfig-version.cmake
[1.730s] -- Installing: /home/jsy/Fliesenleger/install/simulation/share/simulation/package.xml
[1.731s] Invoked command in '/home/jsy/Fliesenleger/build/simulation' returned '0': CMAKE_PREFIX_PATH=/opt/ros/foxy /usr/bin/cmake --install /home/jsy/Fliesenleger/build/simulation
