running egg_info
creating ../build/joy_control/joy_control.egg-info
writing ../build/joy_control/joy_control.egg-info/PKG-INFO
writing dependency_links to ../build/joy_control/joy_control.egg-info/dependency_links.txt
writing entry points to ../build/joy_control/joy_control.egg-info/entry_points.txt
writing requirements to ../build/joy_control/joy_control.egg-info/requires.txt
writing top-level names to ../build/joy_control/joy_control.egg-info/top_level.txt
writing manifest file '../build/joy_control/joy_control.egg-info/SOURCES.txt'
reading manifest file '../build/joy_control/joy_control.egg-info/SOURCES.txt'
writing manifest file '../build/joy_control/joy_control.egg-info/SOURCES.txt'
running build
running build_py
creating /home/jsy/Fliesenleger/build/joy_control/build
creating /home/jsy/Fliesenleger/build/joy_control/build/lib
creating /home/jsy/Fliesenleger/build/joy_control/build/lib/joy_control
copying joy_control/Recognizer.py -> /home/jsy/Fliesenleger/build/joy_control/build/lib/joy_control
copying joy_control/Tile_recognition.py -> /home/jsy/Fliesenleger/build/joy_control/build/lib/joy_control
copying joy_control/ImgSubscriber.py -> /home/jsy/Fliesenleger/build/joy_control/build/lib/joy_control
copying joy_control/quer_move.py -> /home/jsy/Fliesenleger/build/joy_control/build/lib/joy_control
copying joy_control/__init__.py -> /home/jsy/Fliesenleger/build/joy_control/build/lib/joy_control
copying joy_control/brain.py -> /home/jsy/Fliesenleger/build/joy_control/build/lib/joy_control
running install
running install_lib
creating /home/jsy/Fliesenleger/install/joy_control/lib/python3.8/site-packages/joy_control
copying /home/jsy/Fliesenleger/build/joy_control/build/lib/joy_control/Recognizer.py -> /home/jsy/Fliesenleger/install/joy_control/lib/python3.8/site-packages/joy_control
copying /home/jsy/Fliesenleger/build/joy_control/build/lib/joy_control/Tile_recognition.py -> /home/jsy/Fliesenleger/install/joy_control/lib/python3.8/site-packages/joy_control
copying /home/jsy/Fliesenleger/build/joy_control/build/lib/joy_control/ImgSubscriber.py -> /home/jsy/Fliesenleger/install/joy_control/lib/python3.8/site-packages/joy_control
copying /home/jsy/Fliesenleger/build/joy_control/build/lib/joy_control/quer_move.py -> /home/jsy/Fliesenleger/install/joy_control/lib/python3.8/site-packages/joy_control
copying /home/jsy/Fliesenleger/build/joy_control/build/lib/joy_control/__init__.py -> /home/jsy/Fliesenleger/install/joy_control/lib/python3.8/site-packages/joy_control
copying /home/jsy/Fliesenleger/build/joy_control/build/lib/joy_control/brain.py -> /home/jsy/Fliesenleger/install/joy_control/lib/python3.8/site-packages/joy_control
byte-compiling /home/jsy/Fliesenleger/install/joy_control/lib/python3.8/site-packages/joy_control/Recognizer.py to Recognizer.cpython-38.pyc
byte-compiling /home/jsy/Fliesenleger/install/joy_control/lib/python3.8/site-packages/joy_control/Tile_recognition.py to Tile_recognition.cpython-38.pyc
byte-compiling /home/jsy/Fliesenleger/install/joy_control/lib/python3.8/site-packages/joy_control/ImgSubscriber.py to ImgSubscriber.cpython-38.pyc
byte-compiling /home/jsy/Fliesenleger/install/joy_control/lib/python3.8/site-packages/joy_control/quer_move.py to quer_move.cpython-38.pyc
byte-compiling /home/jsy/Fliesenleger/install/joy_control/lib/python3.8/site-packages/joy_control/__init__.py to __init__.cpython-38.pyc
byte-compiling /home/jsy/Fliesenleger/install/joy_control/lib/python3.8/site-packages/joy_control/brain.py to brain.cpython-38.pyc
running install_data
creating /home/jsy/Fliesenleger/install/joy_control/share/ament_index
creating /home/jsy/Fliesenleger/install/joy_control/share/ament_index/resource_index
creating /home/jsy/Fliesenleger/install/joy_control/share/ament_index/resource_index/packages
copying resource/joy_control -> /home/jsy/Fliesenleger/install/joy_control/share/ament_index/resource_index/packages
copying package.xml -> /home/jsy/Fliesenleger/install/joy_control/share/joy_control
creating /home/jsy/Fliesenleger/install/joy_control/share/joy_control/launch
copying ./launch/joy_control.launch.py -> /home/jsy/Fliesenleger/install/joy_control/share/joy_control/launch
copying ./joy_control/M_9037*7228.npy -> /home/jsy/Fliesenleger/install/joy_control/share/joy_control
copying ./joy_control/M_15061*12046.npy -> /home/jsy/Fliesenleger/install/joy_control/share/joy_control
copying ./joy_control/M_30121*24091.npy -> /home/jsy/Fliesenleger/install/joy_control/share/joy_control
running install_egg_info
Copying ../build/joy_control/joy_control.egg-info to /home/jsy/Fliesenleger/install/joy_control/lib/python3.8/site-packages/joy_control-0.0.0-py3.8.egg-info
running install_scripts
Installing brain script to /home/jsy/Fliesenleger/install/joy_control/lib/joy_control
Installing quer_move script to /home/jsy/Fliesenleger/install/joy_control/lib/joy_control
writing list of installed files to '/home/jsy/Fliesenleger/build/joy_control/install.log'
