[0.173s] Invoking command in '/home/jsy/Fliesenleger/joy_control': PYTHONPATH=/home/jsy/Fliesenleger/install/joy_control/lib/python3.8/site-packages:${PYTHONPATH} /usr/bin/python3 setup.py egg_info --egg-base ../build/joy_control build --build-base /home/jsy/Fliesenleger/build/joy_control/build install --prefix /home/jsy/Fliesenleger/install/joy_control --record /home/jsy/Fliesenleger/build/joy_control/install.log --single-version-externally-managed
[0.320s] running egg_info
[0.320s] creating ../build/joy_control/joy_control.egg-info
[0.320s] writing ../build/joy_control/joy_control.egg-info/PKG-INFO
[0.321s] writing dependency_links to ../build/joy_control/joy_control.egg-info/dependency_links.txt
[0.321s] writing entry points to ../build/joy_control/joy_control.egg-info/entry_points.txt
[0.321s] writing requirements to ../build/joy_control/joy_control.egg-info/requires.txt
[0.321s] writing top-level names to ../build/joy_control/joy_control.egg-info/top_level.txt
[0.322s] writing manifest file '../build/joy_control/joy_control.egg-info/SOURCES.txt'
[0.346s] reading manifest file '../build/joy_control/joy_control.egg-info/SOURCES.txt'
[0.346s] writing manifest file '../build/joy_control/joy_control.egg-info/SOURCES.txt'
[0.346s] running build
[0.346s] running build_py
[0.346s] creating /home/jsy/Fliesenleger/build/joy_control/build
[0.347s] creating /home/jsy/Fliesenleger/build/joy_control/build/lib
[0.347s] creating /home/jsy/Fliesenleger/build/joy_control/build/lib/joy_control
[0.347s] copying joy_control/Recognizer.py -> /home/jsy/Fliesenleger/build/joy_control/build/lib/joy_control
[0.347s] copying joy_control/Tile_recognition.py -> /home/jsy/Fliesenleger/build/joy_control/build/lib/joy_control
[0.347s] copying joy_control/ImgSubscriber.py -> /home/jsy/Fliesenleger/build/joy_control/build/lib/joy_control
[0.347s] copying joy_control/quer_move.py -> /home/jsy/Fliesenleger/build/joy_control/build/lib/joy_control
[0.347s] copying joy_control/__init__.py -> /home/jsy/Fliesenleger/build/joy_control/build/lib/joy_control
[0.347s] copying joy_control/brain.py -> /home/jsy/Fliesenleger/build/joy_control/build/lib/joy_control
[0.347s] running install
[0.347s] running install_lib
[0.348s] creating /home/jsy/Fliesenleger/install/joy_control/lib/python3.8/site-packages/joy_control
[0.348s] copying /home/jsy/Fliesenleger/build/joy_control/build/lib/joy_control/Recognizer.py -> /home/jsy/Fliesenleger/install/joy_control/lib/python3.8/site-packages/joy_control
[0.348s] copying /home/jsy/Fliesenleger/build/joy_control/build/lib/joy_control/Tile_recognition.py -> /home/jsy/Fliesenleger/install/joy_control/lib/python3.8/site-packages/joy_control
[0.348s] copying /home/jsy/Fliesenleger/build/joy_control/build/lib/joy_control/ImgSubscriber.py -> /home/jsy/Fliesenleger/install/joy_control/lib/python3.8/site-packages/joy_control
[0.348s] copying /home/jsy/Fliesenleger/build/joy_control/build/lib/joy_control/quer_move.py -> /home/jsy/Fliesenleger/install/joy_control/lib/python3.8/site-packages/joy_control
[0.348s] copying /home/jsy/Fliesenleger/build/joy_control/build/lib/joy_control/__init__.py -> /home/jsy/Fliesenleger/install/joy_control/lib/python3.8/site-packages/joy_control
[0.348s] copying /home/jsy/Fliesenleger/build/joy_control/build/lib/joy_control/brain.py -> /home/jsy/Fliesenleger/install/joy_control/lib/python3.8/site-packages/joy_control
[0.348s] byte-compiling /home/jsy/Fliesenleger/install/joy_control/lib/python3.8/site-packages/joy_control/Recognizer.py to Recognizer.cpython-38.pyc
[0.351s] byte-compiling /home/jsy/Fliesenleger/install/joy_control/lib/python3.8/site-packages/joy_control/Tile_recognition.py to Tile_recognition.cpython-38.pyc
[0.351s] byte-compiling /home/jsy/Fliesenleger/install/joy_control/lib/python3.8/site-packages/joy_control/ImgSubscriber.py to ImgSubscriber.cpython-38.pyc
[0.351s] byte-compiling /home/jsy/Fliesenleger/install/joy_control/lib/python3.8/site-packages/joy_control/quer_move.py to quer_move.cpython-38.pyc
[0.352s] byte-compiling /home/jsy/Fliesenleger/install/joy_control/lib/python3.8/site-packages/joy_control/__init__.py to __init__.cpython-38.pyc
[0.352s] byte-compiling /home/jsy/Fliesenleger/install/joy_control/lib/python3.8/site-packages/joy_control/brain.py to brain.cpython-38.pyc
[0.352s] running install_data
[0.353s] creating /home/jsy/Fliesenleger/install/joy_control/share/ament_index
[0.353s] creating /home/jsy/Fliesenleger/install/joy_control/share/ament_index/resource_index
[0.353s] creating /home/jsy/Fliesenleger/install/joy_control/share/ament_index/resource_index/packages
[0.353s] copying resource/joy_control -> /home/jsy/Fliesenleger/install/joy_control/share/ament_index/resource_index/packages
[0.353s] copying package.xml -> /home/jsy/Fliesenleger/install/joy_control/share/joy_control
[0.353s] creating /home/jsy/Fliesenleger/install/joy_control/share/joy_control/launch
[0.353s] copying ./launch/joy_control.launch.py -> /home/jsy/Fliesenleger/install/joy_control/share/joy_control/launch
[0.353s] copying ./joy_control/M_9037*7228.npy -> /home/jsy/Fliesenleger/install/joy_control/share/joy_control
[0.353s] copying ./joy_control/M_15061*12046.npy -> /home/jsy/Fliesenleger/install/joy_control/share/joy_control
[0.353s] copying ./joy_control/M_30121*24091.npy -> /home/jsy/Fliesenleger/install/joy_control/share/joy_control
[0.353s] running install_egg_info
[0.354s] Copying ../build/joy_control/joy_control.egg-info to /home/jsy/Fliesenleger/install/joy_control/lib/python3.8/site-packages/joy_control-0.0.0-py3.8.egg-info
[0.355s] running install_scripts
[0.367s] Installing brain script to /home/jsy/Fliesenleger/install/joy_control/lib/joy_control
[0.367s] Installing quer_move script to /home/jsy/Fliesenleger/install/joy_control/lib/joy_control
[0.367s] writing list of installed files to '/home/jsy/Fliesenleger/build/joy_control/install.log'
[0.378s] Invoked command in '/home/jsy/Fliesenleger/joy_control' returned '0': PYTHONPATH=/home/jsy/Fliesenleger/install/joy_control/lib/python3.8/site-packages:${PYTHONPATH} /usr/bin/python3 setup.py egg_info --egg-base ../build/joy_control build --build-base /home/jsy/Fliesenleger/build/joy_control/build install --prefix /home/jsy/Fliesenleger/install/joy_control --record /home/jsy/Fliesenleger/build/joy_control/install.log --single-version-externally-managed
