[0.158s] Invoking command in '/home/jsy/Fliesenleger/build/simulation': CMAKE_PREFIX_PATH=/opt/ros/foxy /usr/bin/cmake --build /home/jsy/Fliesenleger/build/simulation -- -j20 -l20
[0.182s] Invoked command in '/home/jsy/Fliesenleger/build/simulation' returned '0': CMAKE_PREFIX_PATH=/opt/ros/foxy /usr/bin/cmake --build /home/jsy/Fliesenleger/build/simulation -- -j20 -l20
[0.201s] Invoking command in '/home/jsy/Fliesenleger/build/simulation': CMAKE_PREFIX_PATH=/opt/ros/foxy /usr/bin/cmake --install /home/jsy/Fliesenleger/build/simulation
[0.206s] -- Install configuration: ""
[0.206s] -- Up-to-date: /home/jsy/Fliesenleger/install/simulation/share/simulation/launch
[0.206s] -- Up-to-date: /home/jsy/Fliesenleger/install/simulation/share/simulation/launch/world.launch.py
[0.206s] -- Up-to-date: /home/jsy/Fliesenleger/install/simulation/share/simulation/launch/teleop_twist_joy_node.yaml
[0.206s] -- Up-to-date: /home/jsy/Fliesenleger/install/simulation/share/simulation/models
[0.207s] -- Up-to-date: /home/jsy/Fliesenleger/install/simulation/share/simulation/models/nested_model
[0.207s] -- Up-to-date: /home/jsy/Fliesenleger/install/simulation/share/simulation/models/nested_model/model.config
[0.207s] -- Installing: /home/jsy/Fliesenleger/install/simulation/share/simulation/models/nested_model/model.sdf
[0.207s] -- Up-to-date: /home/jsy/Fliesenleger/install/simulation/share/simulation/models/description
[0.207s] -- Up-to-date: /home/jsy/Fliesenleger/install/simulation/share/simulation/models/description/meshes
[0.207s] -- Up-to-date: /home/jsy/Fliesenleger/install/simulation/share/simulation/models/description/meshes/kinect.dae
[0.207s] -- Up-to-date: /home/jsy/Fliesenleger/install/simulation/share/simulation/models/description/materials
[0.207s] -- Up-to-date: /home/jsy/Fliesenleger/install/simulation/share/simulation/models/description/materials/textures
[0.207s] -- Up-to-date: /home/jsy/Fliesenleger/install/simulation/share/simulation/models/description/materials/textures/kinect.png
[0.207s] -- Up-to-date: /home/jsy/Fliesenleger/install/simulation/share/simulation/models/3D_Lidar_270
[0.207s] -- Up-to-date: /home/jsy/Fliesenleger/install/simulation/share/simulation/models/3D_Lidar_270/model.config
[0.207s] -- Up-to-date: /home/jsy/Fliesenleger/install/simulation/share/simulation/models/3D_Lidar_270/model.sdf
[0.207s] -- Up-to-date: /home/jsy/Fliesenleger/install/simulation/share/simulation/models/imu
[0.207s] -- Up-to-date: /home/jsy/Fliesenleger/install/simulation/share/simulation/models/imu/.gitkeep
[0.208s] -- Up-to-date: /home/jsy/Fliesenleger/install/simulation/share/simulation/models/imu/model.config
[0.208s] -- Up-to-date: /home/jsy/Fliesenleger/install/simulation/share/simulation/models/imu/model.sdf
[0.208s] -- Up-to-date: /home/jsy/Fliesenleger/install/simulation/share/simulation/models/experi_model
[0.208s] -- Up-to-date: /home/jsy/Fliesenleger/install/simulation/share/simulation/models/experi_model/model.config
[0.208s] -- Up-to-date: /home/jsy/Fliesenleger/install/simulation/share/simulation/models/experi_model/model.sdf
[0.208s] -- Up-to-date: /home/jsy/Fliesenleger/install/simulation/share/simulation/models/zed_mini
[0.208s] -- Up-to-date: /home/jsy/Fliesenleger/install/simulation/share/simulation/models/zed_mini/meshes
[0.208s] -- Up-to-date: /home/jsy/Fliesenleger/install/simulation/share/simulation/models/zed_mini/meshes/kinect.dae
[0.208s] -- Up-to-date: /home/jsy/Fliesenleger/install/simulation/share/simulation/models/zed_mini/materials
[0.208s] -- Up-to-date: /home/jsy/Fliesenleger/install/simulation/share/simulation/models/zed_mini/materials/textures
[0.208s] -- Up-to-date: /home/jsy/Fliesenleger/install/simulation/share/simulation/models/zed_mini/materials/textures/kinect.png
[0.208s] -- Up-to-date: /home/jsy/Fliesenleger/install/simulation/share/simulation/models/zed_mini/model.config
[0.208s] -- Up-to-date: /home/jsy/Fliesenleger/install/simulation/share/simulation/models/zed_mini/model.sdf
[0.208s] -- Up-to-date: /home/jsy/Fliesenleger/install/simulation/share/simulation/models/move_wheel_box
[0.208s] -- Up-to-date: /home/jsy/Fliesenleger/install/simulation/share/simulation/models/move_wheel_box/model.config
[0.209s] -- Up-to-date: /home/jsy/Fliesenleger/install/simulation/share/simulation/models/move_wheel_box/model.sdf
[0.209s] -- Up-to-date: /home/jsy/Fliesenleger/install/simulation/share/simulation/models/example_model
[0.209s] -- Up-to-date: /home/jsy/Fliesenleger/install/simulation/share/simulation/models/example_model/model.config
[0.210s] -- Up-to-date: /home/jsy/Fliesenleger/install/simulation/share/simulation/models/example_model/model.sdf
[0.210s] -- Up-to-date: /home/jsy/Fliesenleger/install/simulation/share/simulation/models/Fliesen
[0.210s] -- Up-to-date: /home/jsy/Fliesenleger/install/simulation/share/simulation/models/Fliesen/Yellow_30*29.85
[0.210s] -- Up-to-date: /home/jsy/Fliesenleger/install/simulation/share/simulation/models/Fliesen/Yellow_30*29.85/model.config
[0.210s] -- Up-to-date: /home/jsy/Fliesenleger/install/simulation/share/simulation/models/Fliesen/Yellow_30*29.85/model.sdf
[0.210s] -- Up-to-date: /home/jsy/Fliesenleger/install/simulation/share/simulation/models/Fliesen/Brown_60*60
[0.210s] -- Up-to-date: /home/jsy/Fliesenleger/install/simulation/share/simulation/models/Fliesen/Brown_60*60/model.config
[0.210s] -- Up-to-date: /home/jsy/Fliesenleger/install/simulation/share/simulation/models/Fliesen/Brown_60*60/model.sdf
[0.210s] -- Up-to-date: /home/jsy/Fliesenleger/install/simulation/share/simulation/models/Fliesen/Brown_60*30
[0.210s] -- Up-to-date: /home/jsy/Fliesenleger/install/simulation/share/simulation/models/Fliesen/Brown_60*30/model.config
[0.210s] -- Up-to-date: /home/jsy/Fliesenleger/install/simulation/share/simulation/models/Fliesen/Brown_60*30/model.sdf
[0.211s] -- Up-to-date: /home/jsy/Fliesenleger/install/simulation/share/simulation/models/Fliesen/Yellow_60*60
[0.211s] -- Up-to-date: /home/jsy/Fliesenleger/install/simulation/share/simulation/models/Fliesen/Yellow_60*60/model.config
[0.211s] -- Up-to-date: /home/jsy/Fliesenleger/install/simulation/share/simulation/models/Fliesen/Yellow_60*60/model.sdf
[0.211s] -- Up-to-date: /home/jsy/Fliesenleger/install/simulation/share/simulation/models/Fliesen/materials
[0.211s] -- Up-to-date: /home/jsy/Fliesenleger/install/simulation/share/simulation/models/Fliesen/materials/brown.jpg
[0.211s] -- Up-to-date: /home/jsy/Fliesenleger/install/simulation/share/simulation/models/Fliesen/materials/textures.material
[0.211s] -- Up-to-date: /home/jsy/Fliesenleger/install/simulation/share/simulation/models/Fliesen/materials/yellow.material
[0.211s] -- Up-to-date: /home/jsy/Fliesenleger/install/simulation/share/simulation/models/Fliesen/materials/brown.material
[0.211s] -- Up-to-date: /home/jsy/Fliesenleger/install/simulation/share/simulation/models/Fliesen/materials/yellow.jpg
[0.211s] -- Up-to-date: /home/jsy/Fliesenleger/install/simulation/share/simulation/models/Fliesen/Yellow_60*30_noshadow_notexture
[0.211s] -- Up-to-date: /home/jsy/Fliesenleger/install/simulation/share/simulation/models/Fliesen/Yellow_60*30_noshadow_notexture/model.config
[0.211s] -- Up-to-date: /home/jsy/Fliesenleger/install/simulation/share/simulation/models/Fliesen/Yellow_60*30_noshadow_notexture/model.sdf
[0.212s] -- Up-to-date: /home/jsy/Fliesenleger/install/simulation/share/simulation/models/Fliesen/Yellow_30*29.85_noshadow_notexture
[0.212s] -- Up-to-date: /home/jsy/Fliesenleger/install/simulation/share/simulation/models/Fliesen/Yellow_30*29.85_noshadow_notexture/model.config
[0.212s] -- Up-to-date: /home/jsy/Fliesenleger/install/simulation/share/simulation/models/Fliesen/Yellow_30*29.85_noshadow_notexture/model.sdf
[0.212s] -- Up-to-date: /home/jsy/Fliesenleger/install/simulation/share/simulation/models/Fliesen/Yellow_60*60_noshadow_notexture
[0.212s] -- Up-to-date: /home/jsy/Fliesenleger/install/simulation/share/simulation/models/Fliesen/Yellow_60*60_noshadow_notexture/model.config
[0.212s] -- Up-to-date: /home/jsy/Fliesenleger/install/simulation/share/simulation/models/Fliesen/Yellow_60*60_noshadow_notexture/model.sdf
[0.212s] -- Up-to-date: /home/jsy/Fliesenleger/install/simulation/share/simulation/models/Fliesen/Yellow_60*30
[0.212s] -- Up-to-date: /home/jsy/Fliesenleger/install/simulation/share/simulation/models/Fliesen/Yellow_60*30/model.config
[0.212s] -- Up-to-date: /home/jsy/Fliesenleger/install/simulation/share/simulation/models/Fliesen/Yellow_60*30/model.sdf
[0.213s] -- Up-to-date: /home/jsy/Fliesenleger/install/simulation/share/simulation/models/rooms
[0.213s] -- Up-to-date: /home/jsy/Fliesenleger/install/simulation/share/simulation/models/rooms/wall_02
[0.213s] -- Up-to-date: /home/jsy/Fliesenleger/install/simulation/share/simulation/models/rooms/wall_02/model.config
[0.213s] -- Up-to-date: /home/jsy/Fliesenleger/install/simulation/share/simulation/models/rooms/wall_02/model.sdf
[0.213s] -- Up-to-date: /home/jsy/Fliesenleger/install/simulation/share/simulation/models/rooms/wall_04
[0.213s] -- Up-to-date: /home/jsy/Fliesenleger/install/simulation/share/simulation/models/rooms/wall_04/model.config
[0.214s] -- Up-to-date: /home/jsy/Fliesenleger/install/simulation/share/simulation/models/rooms/wall_04/model.sdf
[0.214s] -- Up-to-date: /home/jsy/Fliesenleger/install/simulation/share/simulation/models/rooms/room_Brown_60*60_kreuz
[0.214s] -- Up-to-date: /home/jsy/Fliesenleger/install/simulation/share/simulation/models/rooms/room_Brown_60*60_kreuz/model.config
[0.214s] -- Up-to-date: /home/jsy/Fliesenleger/install/simulation/share/simulation/models/rooms/room_Brown_60*60_kreuz/model.sdf
[0.214s] -- Up-to-date: /home/jsy/Fliesenleger/install/simulation/share/simulation/models/rooms/room_Yellow_60*30_halb
[0.214s] -- Up-to-date: /home/jsy/Fliesenleger/install/simulation/share/simulation/models/rooms/room_Yellow_60*30_halb/model.config
[0.214s] -- Up-to-date: /home/jsy/Fliesenleger/install/simulation/share/simulation/models/rooms/room_Yellow_60*30_halb/model.sdf
[0.214s] -- Up-to-date: /home/jsy/Fliesenleger/install/simulation/share/simulation/models/rooms/room_Yellow_60*60_noshadow_notexture_kreuz
[0.214s] -- Up-to-date: /home/jsy/Fliesenleger/install/simulation/share/simulation/models/rooms/room_Yellow_60*60_noshadow_notexture_kreuz/model.config
[0.214s] -- Up-to-date: /home/jsy/Fliesenleger/install/simulation/share/simulation/models/rooms/room_Yellow_60*60_noshadow_notexture_kreuz/model.sdf
[0.214s] -- Up-to-date: /home/jsy/Fliesenleger/install/simulation/share/simulation/models/rooms/room_Yellow_60*30_noshadow_notexture_halb
[0.215s] -- Up-to-date: /home/jsy/Fliesenleger/install/simulation/share/simulation/models/rooms/room_Yellow_60*30_noshadow_notexture_halb/model.config
[0.215s] -- Up-to-date: /home/jsy/Fliesenleger/install/simulation/share/simulation/models/rooms/room_Yellow_60*30_noshadow_notexture_halb/model.sdf
[0.215s] -- Up-to-date: /home/jsy/Fliesenleger/install/simulation/share/simulation/models/rooms/room_Yellow_60*60_kreuz
[0.215s] -- Up-to-date: /home/jsy/Fliesenleger/install/simulation/share/simulation/models/rooms/room_Yellow_60*60_kreuz/model.config
[0.215s] -- Up-to-date: /home/jsy/Fliesenleger/install/simulation/share/simulation/models/rooms/room_Yellow_60*60_kreuz/model.sdf
[0.215s] -- Up-to-date: /home/jsy/Fliesenleger/install/simulation/share/simulation/models/rooms/wall_01
[0.215s] -- Up-to-date: /home/jsy/Fliesenleger/install/simulation/share/simulation/models/rooms/wall_01/model.config
[0.216s] -- Up-to-date: /home/jsy/Fliesenleger/install/simulation/share/simulation/models/rooms/wall_01/model.sdf
[0.216s] -- Up-to-date: /home/jsy/Fliesenleger/install/simulation/share/simulation/models/rooms/wall_03
[0.216s] -- Up-to-date: /home/jsy/Fliesenleger/install/simulation/share/simulation/models/rooms/wall_03/model.config
[0.216s] -- Up-to-date: /home/jsy/Fliesenleger/install/simulation/share/simulation/models/rooms/wall_03/model.sdf
[0.216s] -- Up-to-date: /home/jsy/Fliesenleger/install/simulation/share/simulation/worlds
[0.216s] -- Installing: /home/jsy/Fliesenleger/install/simulation/share/simulation/worlds/world_1.world
[0.216s] -- Up-to-date: /home/jsy/Fliesenleger/install/simulation/share/simulation/worlds/world_2.world
[0.216s] -- Up-to-date: /home/jsy/Fliesenleger/install/simulation/share/ament_index/resource_index/package_run_dependencies/simulation
[0.216s] -- Up-to-date: /home/jsy/Fliesenleger/install/simulation/share/ament_index/resource_index/parent_prefix_path/simulation
[0.216s] -- Up-to-date: /home/jsy/Fliesenleger/install/simulation/share/simulation/environment/ament_prefix_path.sh
[0.217s] -- Up-to-date: /home/jsy/Fliesenleger/install/simulation/share/simulation/environment/ament_prefix_path.dsv
[0.217s] -- Up-to-date: /home/jsy/Fliesenleger/install/simulation/share/simulation/environment/path.sh
[0.217s] -- Up-to-date: /home/jsy/Fliesenleger/install/simulation/share/simulation/environment/path.dsv
[0.217s] -- Up-to-date: /home/jsy/Fliesenleger/install/simulation/share/simulation/local_setup.bash
[0.217s] -- Up-to-date: /home/jsy/Fliesenleger/install/simulation/share/simulation/local_setup.sh
[0.218s] -- Up-to-date: /home/jsy/Fliesenleger/install/simulation/share/simulation/local_setup.zsh
[0.218s] -- Up-to-date: /home/jsy/Fliesenleger/install/simulation/share/simulation/local_setup.dsv
[0.218s] -- Up-to-date: /home/jsy/Fliesenleger/install/simulation/share/simulation/package.dsv
[0.218s] -- Up-to-date: /home/jsy/Fliesenleger/install/simulation/share/ament_index/resource_index/packages/simulation
[0.218s] -- Up-to-date: /home/jsy/Fliesenleger/install/simulation/share/simulation/cmake/simulationConfig.cmake
[0.218s] -- Up-to-date: /home/jsy/Fliesenleger/install/simulation/share/simulation/cmake/simulationConfig-version.cmake
[0.219s] -- Up-to-date: /home/jsy/Fliesenleger/install/simulation/share/simulation/package.xml
[0.219s] Invoked command in '/home/jsy/Fliesenleger/build/simulation' returned '0': CMAKE_PREFIX_PATH=/opt/ros/foxy /usr/bin/cmake --install /home/jsy/Fliesenleger/build/simulation
