/home/jsy/Fliesenleger/install/joy_control/lib/python3.8/site-packages/joy_control/Recognizer.py
/home/jsy/Fliesenleger/install/joy_control/lib/python3.8/site-packages/joy_control/Tile_recognition.py
/home/jsy/Fliesenleger/install/joy_control/lib/python3.8/site-packages/joy_control/ImgSubscriber.py
/home/jsy/Fliesenleger/install/joy_control/lib/python3.8/site-packages/joy_control/quer_move.py
/home/jsy/Fliesenleger/install/joy_control/lib/python3.8/site-packages/joy_control/__init__.py
/home/jsy/Fliesenleger/install/joy_control/lib/python3.8/site-packages/joy_control/brain.py
/home/jsy/Fliesenleger/install/joy_control/lib/python3.8/site-packages/joy_control/__pycache__/Recognizer.cpython-38.pyc
/home/jsy/Fliesenleger/install/joy_control/lib/python3.8/site-packages/joy_control/__pycache__/Tile_recognition.cpython-38.pyc
/home/jsy/Fliesenleger/install/joy_control/lib/python3.8/site-packages/joy_control/__pycache__/ImgSubscriber.cpython-38.pyc
/home/jsy/Fliesenleger/install/joy_control/lib/python3.8/site-packages/joy_control/__pycache__/quer_move.cpython-38.pyc
/home/jsy/Fliesenleger/install/joy_control/lib/python3.8/site-packages/joy_control/__pycache__/__init__.cpython-38.pyc
/home/jsy/Fliesenleger/install/joy_control/lib/python3.8/site-packages/joy_control/__pycache__/brain.cpython-38.pyc
/home/jsy/Fliesenleger/install/joy_control/share/ament_index/resource_index/packages/joy_control
/home/jsy/Fliesenleger/install/joy_control/share/joy_control/package.xml
/home/jsy/Fliesenleger/install/joy_control/share/joy_control/launch/joy_control.launch.py
/home/jsy/Fliesenleger/install/joy_control/share/joy_control/M_9037*7228.npy
/home/jsy/Fliesenleger/install/joy_control/share/joy_control/M_15061*12046.npy
/home/jsy/Fliesenleger/install/joy_control/share/joy_control/M_30121*24091.npy
/home/jsy/Fliesenleger/install/joy_control/lib/python3.8/site-packages/joy_control-0.0.0-py3.8.egg-info/dependency_links.txt
/home/jsy/Fliesenleger/install/joy_control/lib/python3.8/site-packages/joy_control-0.0.0-py3.8.egg-info/PKG-INFO
/home/jsy/Fliesenleger/install/joy_control/lib/python3.8/site-packages/joy_control-0.0.0-py3.8.egg-info/zip-safe
/home/jsy/Fliesenleger/install/joy_control/lib/python3.8/site-packages/joy_control-0.0.0-py3.8.egg-info/SOURCES.txt
/home/jsy/Fliesenleger/install/joy_control/lib/python3.8/site-packages/joy_control-0.0.0-py3.8.egg-info/top_level.txt
/home/jsy/Fliesenleger/install/joy_control/lib/python3.8/site-packages/joy_control-0.0.0-py3.8.egg-info/entry_points.txt
/home/jsy/Fliesenleger/install/joy_control/lib/python3.8/site-packages/joy_control-0.0.0-py3.8.egg-info/requires.txt
/home/jsy/Fliesenleger/install/joy_control/lib/joy_control/brain
/home/jsy/Fliesenleger/install/joy_control/lib/joy_control/quer_move
