[0.172s] Invoking command in '/home/jsy/Fliesenleger/joy_control': PYTHONPATH=/home/jsy/Fliesenleger/install/joy_control/lib/python3.8/site-packages:${PYTHONPATH} /usr/bin/python3 setup.py egg_info --egg-base ../build/joy_control build --build-base /home/jsy/Fliesenleger/build/joy_control/build install --prefix /home/jsy/Fliesenleger/install/joy_control --record /home/jsy/Fliesenleger/build/joy_control/install.log --single-version-externally-managed
[0.319s] running egg_info
[0.320s] writing ../build/joy_control/joy_control.egg-info/PKG-INFO
[0.320s] writing dependency_links to ../build/joy_control/joy_control.egg-info/dependency_links.txt
[0.320s] writing entry points to ../build/joy_control/joy_control.egg-info/entry_points.txt
[0.320s] writing requirements to ../build/joy_control/joy_control.egg-info/requires.txt
[0.320s] writing top-level names to ../build/joy_control/joy_control.egg-info/top_level.txt
[0.342s] reading manifest file '../build/joy_control/joy_control.egg-info/SOURCES.txt'
[0.343s] writing manifest file '../build/joy_control/joy_control.egg-info/SOURCES.txt'
[0.343s] running build
[0.343s] running build_py
[0.343s] running install
[0.343s] running install_lib
[0.344s] running install_data
[0.345s] running install_egg_info
[0.345s] removing '/home/jsy/Fliesenleger/install/joy_control/lib/python3.8/site-packages/joy_control-0.0.0-py3.8.egg-info' (and everything under it)
[0.346s] Copying ../build/joy_control/joy_control.egg-info to /home/jsy/Fliesenleger/install/joy_control/lib/python3.8/site-packages/joy_control-0.0.0-py3.8.egg-info
[0.346s] running install_scripts
[0.356s] Installing brain script to /home/jsy/Fliesenleger/install/joy_control/lib/joy_control
[0.356s] Installing quer_move script to /home/jsy/Fliesenleger/install/joy_control/lib/joy_control
[0.356s] writing list of installed files to '/home/jsy/Fliesenleger/build/joy_control/install.log'
[0.368s] Invoked command in '/home/jsy/Fliesenleger/joy_control' returned '0': PYTHONPATH=/home/jsy/Fliesenleger/install/joy_control/lib/python3.8/site-packages:${PYTHONPATH} /usr/bin/python3 setup.py egg_info --egg-base ../build/joy_control build --build-base /home/jsy/Fliesenleger/build/joy_control/build install --prefix /home/jsy/Fliesenleger/install/joy_control --record /home/jsy/Fliesenleger/build/joy_control/install.log --single-version-externally-managed
